#
# There is insufficient memory for the Java Runtime Environment to continue.
# Native memory allocation (malloc) failed to allocate 326256 bytes. Error detail: Chunk::new
# Possible reasons:
#   The system is out of physical RAM or swap space
#   This process is running with CompressedOops enabled, and the Java Heap may be blocking the growth of the native heap
# Possible solutions:
#   Reduce memory load on the system
#   Increase physical memory or swap space
#   Check if swap backing store is full
#   Decrease Java heap size (-Xmx/-Xms)
#   Decrease number of Java threads
#   Decrease Java thread stack sizes (-Xss)
#   Set larger code cache with -XX:ReservedCodeCacheSize=
#   JVM is running with Unscaled Compressed Oops mode in which the Java heap is
#     placed in the first 4GB address space. The Java Heap base address is the
#     maximum limit for the native heap growth. Please use -XX:HeapBaseMinAddress
#     to set the Java Heap base and to place the Java Heap above 4GB virtual address.
# This output file may be truncated or incomplete.
#
#  Out of Memory Error (arena.cpp:149), pid=14752, tid=6568
#
# JRE version: OpenJDK Runtime Environment Corretto-23.0.2.7.1 (23.0.2+7) (build 23.0.2+7-FR)
# Java VM: OpenJDK 64-Bit Server VM Corretto-23.0.2.7.1 (23.0.2+7-FR, mixed mode, sharing, tiered, compressed oops, compressed class ptrs, g1 gc, windows-amd64)
# No core dump will be written. Minidumps are not enabled by default on client versions of Windows
#

---------------  S U M M A R Y ------------

Command Line: -javaagent:C:\Program Files\JetBrains\IntelliJ IDEA 2024.3.5\lib\idea_rt.jar=64291 -Dfile.encoding=UTF-8 -Dsun.stdout.encoding=UTF-8 -Dsun.stderr.encoding=UTF-8 --module-path=C:\Users\ngoc thao\.m2\repository\org\openjfx\javafx-base\17.0.6\javafx-base-17.0.6-win.jar;C:\Users\ngoc thao\.m2\repository\org\mindrot\jbcrypt\0.4\jbcrypt-0.4.jar;C:\Users\ngoc thao\.m2\repository\org\kordamp\ikonli\ikonli-core\12.3.1\ikonli-core-12.3.1.jar;C:\Users\ngoc thao\.m2\repository\eu\hansolo\fx\countries\21.0.3\countries-21.0.3.jar;C:\Users\ngoc thao\.m2\repository\de\jensd\fontawesomefx-commons\9.1.2\fontawesomefx-commons-9.1.2.jar;C:\Users\ngoc thao\.m2\repository\org\kordamp\ikonli\ikonli-javafx\12.3.1\ikonli-javafx-12.3.1.jar;C:\Users\ngoc thao\.m2\repository\net\synedra\validatorfx\0.5.0\validatorfx-0.5.0.jar;C:\Users\ngoc thao\.m2\repository\org\openjfx\javafx-web\17.0.6\javafx-web-17.0.6-win.jar;C:\Users\ngoc thao\.m2\repository\org\openjfx\javafx-swing\17.0.6\javafx-swing-17.0.6-win.jar;C:\Users\ngoc thao\.m2\repository\io\github\cdimascio\dotenv-java\3.2.0\dotenv-java-3.2.0.jar;C:\Users\ngoc thao\.m2\repository\org\kordamp\bootstrapfx\bootstrapfx-core\0.4.0\bootstrapfx-core-0.4.0.jar;C:\Users\ngoc thao\.m2\repository\org\openjfx\javafx-graphics\17.0.6\javafx-graphics-17.0.6-win.jar;C:\Users\ngoc thao\.m2\repository\mysql\mysql-connector-java\8.0.11\mysql-connector-java-8.0.11.jar;C:\Users\ngoc thao\.m2\repository\junit\junit\4.13.2\junit-4.13.2.jar;C:\Users\ngoc thao\.m2\repository\de\jensd\fontawesomefx-fontawesome\4.7.0-9.1.2\fontawesomefx-fontawesome-4.7.0-9.1.2.jar;C:\Users\ngoc thao\.m2\repository\eu\hansolo\toolboxfx\21.0.3\toolboxfx-21.0.3.jar;C:\Users\ngoc thao\.m2\repository\eu\hansolo\toolbox\21.0.5\toolbox-21.0.5.jar;C:\Users\ngoc thao\.m2\repository\org\openjfx\javafx-media\17.0.6\javafx-media-17.0.6-win.jar;C:\Users\ngoc thao\.m2\repository\com\dlsc\formsfx\formsfx-core\11.6.0\formsfx-core-11.6.0.jar;C:\Users\ngoc thao\.m2\repository\org\openjfx\javafx-fxml\17.0.6\javafx-fxml-17.0.6-win.jar;C:\Users\ngoc thao\.m2\repository\com\github\javafaker\javafaker\1.0.2\javafaker-1.0.2.jar;E:\06_PBL3\PBL3-Petstore\target\class-Djdk.module.main=com.store.app.petstore com.store.app.petstore/com.store.app.petstore.PetStoreApplication

Host: Intel(R) Core(TM) i7-7820HQ CPU @ 2.90GHz, 8 cores, 7G,  Windows 10 , 64 bit Build 19041 (10.0.19041.5678)
Time: Fri Apr 25 22:14:07 2025 SE Asia Standard Time elapsed time: 1.880612 seconds (0d 0h 0m 1s)

---------------  T H R E A D  ---------------

Current thread (0x0000019197a04fc0):  JavaThread "C2 CompilerThread1" daemon [_thread_in_native, id=6568, stack(0x0000005250c00000,0x0000005250d00000) (1024K)]


Current CompileTask:
C2:1880 2415   !   4       com.sun.javafx.css.ParsedValueImpl::readBinary (688 bytes)

Stack: [0x0000005250c00000,0x0000005250d00000]
Native frames: (J=compiled Java code, j=interpreted, Vv=VM code, C=native code)
V  [jvm.dll+0x6f3b69]  (no source info available)
V  [jvm.dll+0x8e5d05]  (no source info available)
V  [jvm.dll+0x8e7fbe]  (no source info available)
V  [jvm.dll+0x8e86a3]  (no source info available)
V  [jvm.dll+0x285ee6]  (no source info available)
V  [jvm.dll+0xbd2df]  (no source info available)
V  [jvm.dll+0xbd53b]  (no source info available)
V  [jvm.dll+0x2fc410]  (no source info available)
V  [jvm.dll+0x615747]  (no source info available)
V  [jvm.dll+0x2587b2]  (no source info available)
V  [jvm.dll+0x250d52]  (no source info available)
V  [jvm.dll+0x24e630]  (no source info available)
V  [jvm.dll+0x1cb73a]  (no source info available)
V  [jvm.dll+0x25e6b1]  (no source info available)
V  [jvm.dll+0x25c97b]  (no source info available)
V  [jvm.dll+0x3fd8f6]  (no source info available)
V  [jvm.dll+0x88b4a8]  (no source info available)
V  [jvm.dll+0x6f23a5]  (no source info available)
C  [ucrtbase.dll+0x21bb2]  (no source info available)
C  [KERNEL32.DLL+0x17374]  (no source info available)
C  [ntdll.dll+0x4cc91]  (no source info available)

Lock stack of current Java thread (top to bottom):


---------------  P R O C E S S  ---------------

Threads class SMR info:
_java_thread_list=0x00000191e43e4ae0, length=24, elements={
0x00000191f8a55950, 0x00000191fdfd7b60, 0x00000191fdfd92a0, 0x00000191fdfdc140,
0x00000191fdfdcba0, 0x00000191fdfdd600, 0x00000191fdfde060, 0x00000191fdfe6720,
0x00000191fdfe9600, 0x0000019197989190, 0x0000019197a04fc0, 0x0000019197c9b8a0,
0x00000191dd027840, 0x00000191ddda8790, 0x00000191ddc84990, 0x00000191ddc811e0,
0x00000191ddea0b40, 0x00000191ddc53ea0, 0x00000191de016a20, 0x00000191de107d40,
0x00000191ddc142a0, 0x00000191ddc15650, 0x00000191ddc14930, 0x00000191e441c1e0
}

Java Threads: ( => current thread )
  0x00000191f8a55950 JavaThread "main"                              [_thread_blocked, id=13648, stack(0x000000524fb00000,0x000000524fc00000) (1024K)]
  0x00000191fdfd7b60 JavaThread "Reference Handler"          daemon [_thread_blocked, id=14992, stack(0x0000005250300000,0x0000005250400000) (1024K)]
  0x00000191fdfd92a0 JavaThread "Finalizer"                  daemon [_thread_blocked, id=15112, stack(0x0000005250400000,0x0000005250500000) (1024K)]
  0x00000191fdfdc140 JavaThread "Signal Dispatcher"          daemon [_thread_blocked, id=14908, stack(0x0000005250500000,0x0000005250600000) (1024K)]
  0x00000191fdfdcba0 JavaThread "Attach Listener"            daemon [_thread_blocked, id=10920, stack(0x0000005250600000,0x0000005250700000) (1024K)]
  0x00000191fdfdd600 JavaThread "Service Thread"             daemon [_thread_blocked, id=15240, stack(0x0000005250700000,0x0000005250800000) (1024K)]
  0x00000191fdfde060 JavaThread "Monitor Deflation Thread"   daemon [_thread_blocked, id=15220, stack(0x0000005250800000,0x0000005250900000) (1024K)]
  0x00000191fdfe6720 JavaThread "C2 CompilerThread0"         daemon [_thread_in_native, id=1544, stack(0x0000005250900000,0x0000005250a00000) (1024K)]
  0x00000191fdfe9600 JavaThread "C1 CompilerThread0"         daemon [_thread_in_native, id=15272, stack(0x0000005250a00000,0x0000005250b00000) (1024K)]
  0x0000019197989190 JavaThread "Common-Cleaner"             daemon [_thread_blocked, id=7768, stack(0x0000005250b00000,0x0000005250c00000) (1024K)]
=>0x0000019197a04fc0 JavaThread "C2 CompilerThread1"         daemon [_thread_in_native, id=6568, stack(0x0000005250c00000,0x0000005250d00000) (1024K)]
  0x0000019197c9b8a0 JavaThread "Monitor Ctrl-Break"         daemon [_thread_in_native, id=15168, stack(0x0000005250e00000,0x0000005250f00000) (1024K)]
  0x00000191dd027840 JavaThread "Notification Thread"        daemon [_thread_blocked, id=9028, stack(0x0000005250f00000,0x0000005251000000) (1024K)]
  0x00000191ddda8790 JavaThread "QuantumRenderer-0"          daemon [_thread_blocked, id=924, stack(0x0000005251700000,0x0000005251800000) (1024K)]
  0x00000191ddc84990 JavaThread "RMI TCP Accept-0"           daemon [_thread_in_native, id=16160, stack(0x0000005251900000,0x0000005251a00000) (1024K)]
  0x00000191ddc811e0 JavaThread "InvokeLaterDispatcher"      daemon [_thread_blocked, id=3012, stack(0x0000005251a00000,0x0000005251b00000) (1024K)]
  0x00000191ddea0b40 JavaThread "JavaFX Application Thread"         [_thread_in_vm, id=9664, stack(0x0000005251b00000,0x0000005251c00000) (1024K)]
  0x00000191ddc53ea0 JavaThread "RMI TCP Connection(1)-192.168.0.8" daemon [_thread_in_native, id=12400, stack(0x0000005251c00000,0x0000005251d00000) (1024K)]
  0x00000191de016a20 JavaThread "RMI Scheduler(0)"           daemon [_thread_blocked, id=15708, stack(0x0000005251800000,0x0000005251900000) (1024K)]
  0x00000191de107d40 JavaThread "JMX server connection timeout 37" daemon [_thread_blocked, id=4644, stack(0x0000005252000000,0x0000005252100000) (1024K)]
  0x00000191ddc142a0 JavaThread "JavaFX-Launcher"                   [_thread_blocked, id=15336, stack(0x0000005252200000,0x0000005252300000) (1024K)]
  0x00000191ddc15650 JavaThread "Thread-2"                   daemon [_thread_in_native, id=10776, stack(0x0000005252100000,0x0000005252200000) (1024K)]
  0x00000191ddc14930 JavaThread "Abandoned connection cleanup thread" daemon [_thread_blocked, id=2416, stack(0x0000005252300000,0x0000005252400000) (1024K)]
  0x00000191e441c1e0 JavaThread "Prism Font Disposer"        daemon [_thread_blocked, id=3344, stack(0x0000005250d00000,0x0000005250e00000) (1024K)]
Total: 24

Other Threads:
  0x00000191fdfc15f0 VMThread "VM Thread"                           [id=6952, stack(0x0000005250200000,0x0000005250300000) (1024K)]
  0x00000191fdfa75b0 WatcherThread "VM Periodic Task Thread"        [id=2060, stack(0x0000005250100000,0x0000005250200000) (1024K)]
  0x00000191f8aaa910 WorkerThread "GC Thread#0"                     [id=13772, stack(0x000000524fc00000,0x000000524fd00000) (1024K)]
  0x00000191dd7566f0 WorkerThread "GC Thread#1"                     [id=14572, stack(0x0000005251000000,0x0000005251100000) (1024K)]
  0x00000191dd5fd5c0 WorkerThread "GC Thread#2"                     [id=14736, stack(0x0000005251100000,0x0000005251200000) (1024K)]
  0x00000191dd5fd970 WorkerThread "GC Thread#3"                     [id=7284, stack(0x0000005251200000,0x0000005251300000) (1024K)]
  0x00000191dd5fdd20 WorkerThread "GC Thread#4"                     [id=1364, stack(0x0000005251300000,0x0000005251400000) (1024K)]
  0x00000191dd5fecf0 WorkerThread "GC Thread#5"                     [id=3268, stack(0x0000005251400000,0x0000005251500000) (1024K)]
  0x00000191dd5ff0a0 WorkerThread "GC Thread#6"                     [id=8712, stack(0x0000005251500000,0x0000005251600000) (1024K)]
  0x00000191dd600710 WorkerThread "GC Thread#7"                     [id=7672, stack(0x0000005251600000,0x0000005251700000) (1024K)]
  0x00000191f8abecb0 ConcurrentGCThread "G1 Main Marker"            [id=8328, stack(0x000000524fd00000,0x000000524fe00000) (1024K)]
  0x00000191f8abff60 WorkerThread "G1 Conc#0"                       [id=2620, stack(0x000000524fe00000,0x000000524ff00000) (1024K)]
  0x00000191f8b1e490 ConcurrentGCThread "G1 Refine#0"               [id=11244, stack(0x000000524ff00000,0x0000005250000000) (1024K)]
  0x00000191fde7c280 ConcurrentGCThread "G1 Service"                [id=5388, stack(0x0000005250000000,0x0000005250100000) (1024K)]
Total: 14

Threads with active compile tasks:
C2 CompilerThread0  2012 2430       4       java.lang.invoke.MethodType::makeImpl (109 bytes)
C1 CompilerThread0  2012 2470       3       jdk.internal.classfile.impl.Util::methodTypeSymbol (8 bytes)
C2 CompilerThread1  2012 2415   !   4       com.sun.javafx.css.ParsedValueImpl::readBinary (688 bytes)
Total: 3

VM state: not at safepoint (normal execution)

VM Mutex/Monitor currently owned by a thread: None

Heap address: 0x0000000085c00000, size: 1956 MB, Compressed Oops mode: 32-bit

CDS archive(s) mapped at: [0x0000019198000000-0x0000019198d70000-0x0000019198d70000), size 14090240, SharedBaseAddress: 0x0000019198000000, ArchiveRelocationMode: 1.
Compressed class space mapped at: 0x0000019199000000-0x00000191d9000000, reserved size: 1073741824
Narrow klass base: 0x0000019198000000, Narrow klass shift: 0, Narrow klass range: 0x41000000

GC Precious Log:
 CardTable entry size: 512
 Card Set container configuration: InlinePtr #cards 5 size 8 Array Of Cards #cards 10 size 36 Howl #buckets 4 coarsen threshold 1843 Howl Bitmap #cards 512 size 80 coarsen threshold 460 Card regions per heap region 1 cards per card region 2048
 CPUs: 8 total, 8 available
 Memory: 7819M
 Large Page Support: Disabled
 NUMA Support: Disabled
 Compressed Oops: Enabled (32-bit)
 Heap Region Size: 1M
 Heap Min Capacity: 8M
 Heap Initial Capacity: 124M
 Heap Max Capacity: 1956M
 Pre-touch: Disabled
 Parallel Workers: 8
 Concurrent Workers: 2
 Concurrent Refinement Workers: 8
 Periodic GC: Disabled

Heap:
 garbage-first heap   total reserved 2002944K, committed 126976K, used 36121K [0x0000000085c00000, 0x0000000100000000)
  region size 1024K, 30 young (30720K), 3 survivors (3072K)
 Metaspace       used 18954K, committed 19328K, reserved 1114112K
  class space    used 2371K, committed 2560K, reserved 1048576K

Heap Regions: E=young(eden), S=young(survivor), O=old, HS=humongous(starts), HC=humongous(continues), CS=collection set, F=free, TAMS=top-at-mark-start, PB=parsable bottom
|   0|0x0000000085c00000, 0x0000000085d00000, 0x0000000085d00000|100%| O|  |TAMS 0x0000000085c00000| PB 0x0000000085c00000| Untracked |  0
|   1|0x0000000085d00000, 0x0000000085e00000, 0x0000000085e00000|100%| O|  |TAMS 0x0000000085d00000| PB 0x0000000085d00000| Untracked |  0
|   2|0x0000000085e00000, 0x0000000085f00000, 0x0000000085f00000|100%| O|  |TAMS 0x0000000085e00000| PB 0x0000000085e00000| Untracked |  0
|   3|0x0000000085f00000, 0x0000000086000000, 0x0000000086000000|100%| O|  |TAMS 0x0000000085f00000| PB 0x0000000085f00000| Untracked |  0
|   4|0x0000000086000000, 0x00000000860dddb8, 0x0000000086100000| 86%| O|  |TAMS 0x0000000086000000| PB 0x0000000086000000| Untracked |  0
|   5|0x0000000086100000, 0x0000000086200000, 0x0000000086200000|100%|HS|  |TAMS 0x0000000086100000| PB 0x0000000086100000| Complete |  0
|   6|0x0000000086200000, 0x0000000086300000, 0x0000000086300000|100%|HC|  |TAMS 0x0000000086200000| PB 0x0000000086200000| Complete |  0
|   7|0x0000000086300000, 0x0000000086400000, 0x0000000086400000|100%|HC|  |TAMS 0x0000000086300000| PB 0x0000000086300000| Complete |  0
|   8|0x0000000086400000, 0x0000000086400000, 0x0000000086500000|  0%| F|  |TAMS 0x0000000086400000| PB 0x0000000086400000| Untracked |  0
|   9|0x0000000086500000, 0x0000000086500000, 0x0000000086600000|  0%| F|  |TAMS 0x0000000086500000| PB 0x0000000086500000| Untracked |  0
|  10|0x0000000086600000, 0x0000000086600000, 0x0000000086700000|  0%| F|  |TAMS 0x0000000086600000| PB 0x0000000086600000| Untracked |  0
|  11|0x0000000086700000, 0x0000000086700000, 0x0000000086800000|  0%| F|  |TAMS 0x0000000086700000| PB 0x0000000086700000| Untracked |  0
|  12|0x0000000086800000, 0x0000000086800000, 0x0000000086900000|  0%| F|  |TAMS 0x0000000086800000| PB 0x0000000086800000| Untracked |  0
|  13|0x0000000086900000, 0x0000000086900000, 0x0000000086a00000|  0%| F|  |TAMS 0x0000000086900000| PB 0x0000000086900000| Untracked |  0
|  14|0x0000000086a00000, 0x0000000086a00000, 0x0000000086b00000|  0%| F|  |TAMS 0x0000000086a00000| PB 0x0000000086a00000| Untracked |  0
|  15|0x0000000086b00000, 0x0000000086b00000, 0x0000000086c00000|  0%| F|  |TAMS 0x0000000086b00000| PB 0x0000000086b00000| Untracked |  0
|  16|0x0000000086c00000, 0x0000000086c00000, 0x0000000086d00000|  0%| F|  |TAMS 0x0000000086c00000| PB 0x0000000086c00000| Untracked |  0
|  17|0x0000000086d00000, 0x0000000086d00000, 0x0000000086e00000|  0%| F|  |TAMS 0x0000000086d00000| PB 0x0000000086d00000| Untracked |  0
|  18|0x0000000086e00000, 0x0000000086e00000, 0x0000000086f00000|  0%| F|  |TAMS 0x0000000086e00000| PB 0x0000000086e00000| Untracked |  0
|  19|0x0000000086f00000, 0x0000000086f00000, 0x0000000087000000|  0%| F|  |TAMS 0x0000000086f00000| PB 0x0000000086f00000| Untracked |  0
|  20|0x0000000087000000, 0x0000000087000000, 0x0000000087100000|  0%| F|  |TAMS 0x0000000087000000| PB 0x0000000087000000| Untracked |  0
|  21|0x0000000087100000, 0x0000000087100000, 0x0000000087200000|  0%| F|  |TAMS 0x0000000087100000| PB 0x0000000087100000| Untracked |  0
|  22|0x0000000087200000, 0x0000000087200000, 0x0000000087300000|  0%| F|  |TAMS 0x0000000087200000| PB 0x0000000087200000| Untracked |  0
|  23|0x0000000087300000, 0x0000000087300000, 0x0000000087400000|  0%| F|  |TAMS 0x0000000087300000| PB 0x0000000087300000| Untracked |  0
|  24|0x0000000087400000, 0x0000000087400000, 0x0000000087500000|  0%| F|  |TAMS 0x0000000087400000| PB 0x0000000087400000| Untracked |  0
|  25|0x0000000087500000, 0x0000000087500000, 0x0000000087600000|  0%| F|  |TAMS 0x0000000087500000| PB 0x0000000087500000| Untracked |  0
|  26|0x0000000087600000, 0x0000000087600000, 0x0000000087700000|  0%| F|  |TAMS 0x0000000087600000| PB 0x0000000087600000| Untracked |  0
|  27|0x0000000087700000, 0x0000000087700000, 0x0000000087800000|  0%| F|  |TAMS 0x0000000087700000| PB 0x0000000087700000| Untracked |  0
|  28|0x0000000087800000, 0x0000000087800000, 0x0000000087900000|  0%| F|  |TAMS 0x0000000087800000| PB 0x0000000087800000| Untracked |  0
|  29|0x0000000087900000, 0x0000000087900000, 0x0000000087a00000|  0%| F|  |TAMS 0x0000000087900000| PB 0x0000000087900000| Untracked |  0
|  30|0x0000000087a00000, 0x0000000087a00000, 0x0000000087b00000|  0%| F|  |TAMS 0x0000000087a00000| PB 0x0000000087a00000| Untracked |  0
|  31|0x0000000087b00000, 0x0000000087b00000, 0x0000000087c00000|  0%| F|  |TAMS 0x0000000087b00000| PB 0x0000000087b00000| Untracked |  0
|  32|0x0000000087c00000, 0x0000000087c00000, 0x0000000087d00000|  0%| F|  |TAMS 0x0000000087c00000| PB 0x0000000087c00000| Untracked |  0
|  33|0x0000000087d00000, 0x0000000087d00000, 0x0000000087e00000|  0%| F|  |TAMS 0x0000000087d00000| PB 0x0000000087d00000| Untracked |  0
|  34|0x0000000087e00000, 0x0000000087e00000, 0x0000000087f00000|  0%| F|  |TAMS 0x0000000087e00000| PB 0x0000000087e00000| Untracked |  0
|  35|0x0000000087f00000, 0x0000000087f00000, 0x0000000088000000|  0%| F|  |TAMS 0x0000000087f00000| PB 0x0000000087f00000| Untracked |  0
|  36|0x0000000088000000, 0x0000000088000000, 0x0000000088100000|  0%| F|  |TAMS 0x0000000088000000| PB 0x0000000088000000| Untracked |  0
|  37|0x0000000088100000, 0x0000000088100000, 0x0000000088200000|  0%| F|  |TAMS 0x0000000088100000| PB 0x0000000088100000| Untracked |  0
|  38|0x0000000088200000, 0x0000000088200000, 0x0000000088300000|  0%| F|  |TAMS 0x0000000088200000| PB 0x0000000088200000| Untracked |  0
|  39|0x0000000088300000, 0x0000000088300000, 0x0000000088400000|  0%| F|  |TAMS 0x0000000088300000| PB 0x0000000088300000| Untracked |  0
|  40|0x0000000088400000, 0x0000000088400000, 0x0000000088500000|  0%| F|  |TAMS 0x0000000088400000| PB 0x0000000088400000| Untracked |  0
|  41|0x0000000088500000, 0x0000000088500000, 0x0000000088600000|  0%| F|  |TAMS 0x0000000088500000| PB 0x0000000088500000| Untracked |  0
|  42|0x0000000088600000, 0x0000000088600000, 0x0000000088700000|  0%| F|  |TAMS 0x0000000088600000| PB 0x0000000088600000| Untracked |  0
|  43|0x0000000088700000, 0x0000000088700000, 0x0000000088800000|  0%| F|  |TAMS 0x0000000088700000| PB 0x0000000088700000| Untracked |  0
|  44|0x0000000088800000, 0x0000000088800000, 0x0000000088900000|  0%| F|  |TAMS 0x0000000088800000| PB 0x0000000088800000| Untracked |  0
|  45|0x0000000088900000, 0x0000000088900000, 0x0000000088a00000|  0%| F|  |TAMS 0x0000000088900000| PB 0x0000000088900000| Untracked |  0
|  46|0x0000000088a00000, 0x0000000088a00000, 0x0000000088b00000|  0%| F|  |TAMS 0x0000000088a00000| PB 0x0000000088a00000| Untracked |  0
|  47|0x0000000088b00000, 0x0000000088b00000, 0x0000000088c00000|  0%| F|  |TAMS 0x0000000088b00000| PB 0x0000000088b00000| Untracked |  0
|  48|0x0000000088c00000, 0x0000000088c00000, 0x0000000088d00000|  0%| F|  |TAMS 0x0000000088c00000| PB 0x0000000088c00000| Untracked |  0
|  49|0x0000000088d00000, 0x0000000088d00000, 0x0000000088e00000|  0%| F|  |TAMS 0x0000000088d00000| PB 0x0000000088d00000| Untracked |  0
|  50|0x0000000088e00000, 0x0000000088e00000, 0x0000000088f00000|  0%| F|  |TAMS 0x0000000088e00000| PB 0x0000000088e00000| Untracked |  0
|  51|0x0000000088f00000, 0x0000000088f00000, 0x0000000089000000|  0%| F|  |TAMS 0x0000000088f00000| PB 0x0000000088f00000| Untracked |  0
|  52|0x0000000089000000, 0x0000000089000000, 0x0000000089100000|  0%| F|  |TAMS 0x0000000089000000| PB 0x0000000089000000| Untracked |  0
|  53|0x0000000089100000, 0x0000000089100000, 0x0000000089200000|  0%| F|  |TAMS 0x0000000089100000| PB 0x0000000089100000| Untracked |  0
|  54|0x0000000089200000, 0x0000000089200000, 0x0000000089300000|  0%| F|  |TAMS 0x0000000089200000| PB 0x0000000089200000| Untracked |  0
|  55|0x0000000089300000, 0x0000000089300000, 0x0000000089400000|  0%| F|  |TAMS 0x0000000089300000| PB 0x0000000089300000| Untracked |  0
|  56|0x0000000089400000, 0x0000000089400000, 0x0000000089500000|  0%| F|  |TAMS 0x0000000089400000| PB 0x0000000089400000| Untracked |  0
|  57|0x0000000089500000, 0x0000000089500000, 0x0000000089600000|  0%| F|  |TAMS 0x0000000089500000| PB 0x0000000089500000| Untracked |  0
|  58|0x0000000089600000, 0x0000000089600000, 0x0000000089700000|  0%| F|  |TAMS 0x0000000089600000| PB 0x0000000089600000| Untracked |  0
|  59|0x0000000089700000, 0x0000000089700000, 0x0000000089800000|  0%| F|  |TAMS 0x0000000089700000| PB 0x0000000089700000| Untracked |  0
|  60|0x0000000089800000, 0x0000000089800000, 0x0000000089900000|  0%| F|  |TAMS 0x0000000089800000| PB 0x0000000089800000| Untracked |  0
|  61|0x0000000089900000, 0x0000000089900000, 0x0000000089a00000|  0%| F|  |TAMS 0x0000000089900000| PB 0x0000000089900000| Untracked |  0
|  62|0x0000000089a00000, 0x0000000089a00000, 0x0000000089b00000|  0%| F|  |TAMS 0x0000000089a00000| PB 0x0000000089a00000| Untracked |  0
|  63|0x0000000089b00000, 0x0000000089b00000, 0x0000000089c00000|  0%| F|  |TAMS 0x0000000089b00000| PB 0x0000000089b00000| Untracked |  0
|  64|0x0000000089c00000, 0x0000000089c00000, 0x0000000089d00000|  0%| F|  |TAMS 0x0000000089c00000| PB 0x0000000089c00000| Untracked |  0
|  65|0x0000000089d00000, 0x0000000089d00000, 0x0000000089e00000|  0%| F|  |TAMS 0x0000000089d00000| PB 0x0000000089d00000| Untracked |  0
|  66|0x0000000089e00000, 0x0000000089e00000, 0x0000000089f00000|  0%| F|  |TAMS 0x0000000089e00000| PB 0x0000000089e00000| Untracked |  0
|  67|0x0000000089f00000, 0x0000000089f00000, 0x000000008a000000|  0%| F|  |TAMS 0x0000000089f00000| PB 0x0000000089f00000| Untracked |  0
|  68|0x000000008a000000, 0x000000008a000000, 0x000000008a100000|  0%| F|  |TAMS 0x000000008a000000| PB 0x000000008a000000| Untracked |  0
|  69|0x000000008a100000, 0x000000008a100000, 0x000000008a200000|  0%| F|  |TAMS 0x000000008a100000| PB 0x000000008a100000| Untracked |  0
|  70|0x000000008a200000, 0x000000008a200000, 0x000000008a300000|  0%| F|  |TAMS 0x000000008a200000| PB 0x000000008a200000| Untracked |  0
|  71|0x000000008a300000, 0x000000008a300000, 0x000000008a400000|  0%| F|  |TAMS 0x000000008a300000| PB 0x000000008a300000| Untracked |  0
|  72|0x000000008a400000, 0x000000008a400000, 0x000000008a500000|  0%| F|  |TAMS 0x000000008a400000| PB 0x000000008a400000| Untracked |  0
|  73|0x000000008a500000, 0x000000008a500000, 0x000000008a600000|  0%| F|  |TAMS 0x000000008a500000| PB 0x000000008a500000| Untracked |  0
|  74|0x000000008a600000, 0x000000008a600000, 0x000000008a700000|  0%| F|  |TAMS 0x000000008a600000| PB 0x000000008a600000| Untracked |  0
|  75|0x000000008a700000, 0x000000008a700000, 0x000000008a800000|  0%| F|  |TAMS 0x000000008a700000| PB 0x000000008a700000| Untracked |  0
|  76|0x000000008a800000, 0x000000008a800000, 0x000000008a900000|  0%| F|  |TAMS 0x000000008a800000| PB 0x000000008a800000| Untracked |  0
|  77|0x000000008a900000, 0x000000008a900000, 0x000000008aa00000|  0%| F|  |TAMS 0x000000008a900000| PB 0x000000008a900000| Untracked |  0
|  78|0x000000008aa00000, 0x000000008aa00000, 0x000000008ab00000|  0%| F|  |TAMS 0x000000008aa00000| PB 0x000000008aa00000| Untracked |  0
|  79|0x000000008ab00000, 0x000000008ab00000, 0x000000008ac00000|  0%| F|  |TAMS 0x000000008ab00000| PB 0x000000008ab00000| Untracked |  0
|  80|0x000000008ac00000, 0x000000008ac00000, 0x000000008ad00000|  0%| F|  |TAMS 0x000000008ac00000| PB 0x000000008ac00000| Untracked |  0
|  81|0x000000008ad00000, 0x000000008ad00000, 0x000000008ae00000|  0%| F|  |TAMS 0x000000008ad00000| PB 0x000000008ad00000| Untracked |  0
|  82|0x000000008ae00000, 0x000000008ae00000, 0x000000008af00000|  0%| F|  |TAMS 0x000000008ae00000| PB 0x000000008ae00000| Untracked |  0
|  83|0x000000008af00000, 0x000000008af00000, 0x000000008b000000|  0%| F|  |TAMS 0x000000008af00000| PB 0x000000008af00000| Untracked |  0
|  84|0x000000008b000000, 0x000000008b000000, 0x000000008b100000|  0%| F|  |TAMS 0x000000008b000000| PB 0x000000008b000000| Untracked |  0
|  85|0x000000008b100000, 0x000000008b100000, 0x000000008b200000|  0%| F|  |TAMS 0x000000008b100000| PB 0x000000008b100000| Untracked |  0
|  86|0x000000008b200000, 0x000000008b200000, 0x000000008b300000|  0%| F|  |TAMS 0x000000008b200000| PB 0x000000008b200000| Untracked |  0
|  87|0x000000008b300000, 0x000000008b300000, 0x000000008b400000|  0%| F|  |TAMS 0x000000008b300000| PB 0x000000008b300000| Untracked |  0
|  88|0x000000008b400000, 0x000000008b400000, 0x000000008b500000|  0%| F|  |TAMS 0x000000008b400000| PB 0x000000008b400000| Untracked |  0
|  89|0x000000008b500000, 0x000000008b500000, 0x000000008b600000|  0%| F|  |TAMS 0x000000008b500000| PB 0x000000008b500000| Untracked |  0
|  90|0x000000008b600000, 0x000000008b600000, 0x000000008b700000|  0%| F|  |TAMS 0x000000008b600000| PB 0x000000008b600000| Untracked |  0
|  91|0x000000008b700000, 0x000000008b700000, 0x000000008b800000|  0%| F|  |TAMS 0x000000008b700000| PB 0x000000008b700000| Untracked |  0
|  92|0x000000008b800000, 0x000000008b800000, 0x000000008b900000|  0%| F|  |TAMS 0x000000008b800000| PB 0x000000008b800000| Untracked |  0
|  93|0x000000008b900000, 0x000000008b900000, 0x000000008ba00000|  0%| F|  |TAMS 0x000000008b900000| PB 0x000000008b900000| Untracked |  0
|  94|0x000000008ba00000, 0x000000008ba2f4b8, 0x000000008bb00000| 18%| E|  |TAMS 0x000000008ba00000| PB 0x000000008ba00000| Complete |  0
|  95|0x000000008bb00000, 0x000000008bc00000, 0x000000008bc00000|100%| E|CS|TAMS 0x000000008bb00000| PB 0x000000008bb00000| Complete |  0
|  96|0x000000008bc00000, 0x000000008bc68718, 0x000000008bd00000| 40%| S|CS|TAMS 0x000000008bc00000| PB 0x000000008bc00000| Complete |  0
|  97|0x000000008bd00000, 0x000000008be00000, 0x000000008be00000|100%| E|CS|TAMS 0x000000008bd00000| PB 0x000000008bd00000| Complete |  0
|  98|0x000000008be00000, 0x000000008bf00000, 0x000000008bf00000|100%| E|CS|TAMS 0x000000008be00000| PB 0x000000008be00000| Complete |  0
|  99|0x000000008bf00000, 0x000000008c000000, 0x000000008c000000|100%| E|CS|TAMS 0x000000008bf00000| PB 0x000000008bf00000| Complete |  0
| 100|0x000000008c000000, 0x000000008c100000, 0x000000008c100000|100%| S|CS|TAMS 0x000000008c000000| PB 0x000000008c000000| Complete |  0
| 101|0x000000008c100000, 0x000000008c200000, 0x000000008c200000|100%| S|CS|TAMS 0x000000008c100000| PB 0x000000008c100000| Complete |  0
| 102|0x000000008c200000, 0x000000008c300000, 0x000000008c300000|100%| E|CS|TAMS 0x000000008c200000| PB 0x000000008c200000| Complete |  0
| 103|0x000000008c300000, 0x000000008c400000, 0x000000008c400000|100%| E|CS|TAMS 0x000000008c300000| PB 0x000000008c300000| Complete |  0
| 104|0x000000008c400000, 0x000000008c500000, 0x000000008c500000|100%| E|CS|TAMS 0x000000008c400000| PB 0x000000008c400000| Complete |  0
| 105|0x000000008c500000, 0x000000008c600000, 0x000000008c600000|100%| E|  |TAMS 0x000000008c500000| PB 0x000000008c500000| Complete |  0
| 106|0x000000008c600000, 0x000000008c700000, 0x000000008c700000|100%| E|CS|TAMS 0x000000008c600000| PB 0x000000008c600000| Complete |  0
| 107|0x000000008c700000, 0x000000008c800000, 0x000000008c800000|100%| E|CS|TAMS 0x000000008c700000| PB 0x000000008c700000| Complete |  0
| 108|0x000000008c800000, 0x000000008c900000, 0x000000008c900000|100%| E|CS|TAMS 0x000000008c800000| PB 0x000000008c800000| Complete |  0
| 109|0x000000008c900000, 0x000000008ca00000, 0x000000008ca00000|100%| E|CS|TAMS 0x000000008c900000| PB 0x000000008c900000| Complete |  0
| 110|0x000000008ca00000, 0x000000008cb00000, 0x000000008cb00000|100%| E|CS|TAMS 0x000000008ca00000| PB 0x000000008ca00000| Complete |  0
| 111|0x000000008cb00000, 0x000000008cc00000, 0x000000008cc00000|100%| E|CS|TAMS 0x000000008cb00000| PB 0x000000008cb00000| Complete |  0
| 112|0x000000008cc00000, 0x000000008cd00000, 0x000000008cd00000|100%| E|CS|TAMS 0x000000008cc00000| PB 0x000000008cc00000| Complete |  0
| 113|0x000000008cd00000, 0x000000008ce00000, 0x000000008ce00000|100%| E|CS|TAMS 0x000000008cd00000| PB 0x000000008cd00000| Complete |  0
| 114|0x000000008ce00000, 0x000000008cf00000, 0x000000008cf00000|100%| E|CS|TAMS 0x000000008ce00000| PB 0x000000008ce00000| Complete |  0
| 115|0x000000008cf00000, 0x000000008d000000, 0x000000008d000000|100%| E|CS|TAMS 0x000000008cf00000| PB 0x000000008cf00000| Complete |  0
| 116|0x000000008d000000, 0x000000008d100000, 0x000000008d100000|100%| E|CS|TAMS 0x000000008d000000| PB 0x000000008d000000| Complete |  0
| 117|0x000000008d100000, 0x000000008d200000, 0x000000008d200000|100%| E|CS|TAMS 0x000000008d100000| PB 0x000000008d100000| Complete |  0
| 118|0x000000008d200000, 0x000000008d300000, 0x000000008d300000|100%| E|CS|TAMS 0x000000008d200000| PB 0x000000008d200000| Complete |  0
| 119|0x000000008d300000, 0x000000008d400000, 0x000000008d400000|100%| E|CS|TAMS 0x000000008d300000| PB 0x000000008d300000| Complete |  0
| 120|0x000000008d400000, 0x000000008d500000, 0x000000008d500000|100%| E|CS|TAMS 0x000000008d400000| PB 0x000000008d400000| Complete |  0
| 121|0x000000008d500000, 0x000000008d600000, 0x000000008d600000|100%| E|CS|TAMS 0x000000008d500000| PB 0x000000008d500000| Complete |  0
| 122|0x000000008d600000, 0x000000008d700000, 0x000000008d700000|100%| E|CS|TAMS 0x000000008d600000| PB 0x000000008d600000| Complete |  0
| 123|0x000000008d700000, 0x000000008d800000, 0x000000008d800000|100%| E|CS|TAMS 0x000000008d700000| PB 0x000000008d700000| Complete |  0

Card table byte_map: [0x00000191f9340000,0x00000191f9720000] _byte_map_base: 0x00000191f8f12000

Marking Bits: (CMBitMap*) 0x00000191f8aab020
 Bits: [0x00000191f9720000, 0x00000191fb5b0000)

Polling page: 0x00000191f6a20000

Metaspace:

Usage:
  Non-class:     16.20 MB used.
      Class:      2.32 MB used.
       Both:     18.51 MB used.

Virtual space:
  Non-class space:       64.00 MB reserved,      16.38 MB ( 26%) committed,  1 nodes.
      Class space:        1.00 GB reserved,       2.50 MB ( <1%) committed,  1 nodes.
             Both:        1.06 GB reserved,      18.88 MB (  2%) committed. 

Chunk freelists:
   Non-Class:  15.55 MB
       Class:  13.52 MB
        Both:  29.06 MB

MaxMetaspaceSize: unlimited
CompressedClassSpaceSize: 1.00 GB
Initial GC threshold: 21.00 MB
Current GC threshold: 21.00 MB
CDS: on
 - commit_granule_bytes: 65536.
 - commit_granule_words: 8192.
 - virtual_space_node_default_size: 8388608.
 - enlarge_chunks_in_place: 1.
 - use_allocation_guard: 0.


Internal statistics:

num_allocs_failed_limit: 0.
num_arena_births: 428.
num_arena_deaths: 0.
num_vsnodes_births: 2.
num_vsnodes_deaths: 0.
num_space_committed: 302.
num_space_uncommitted: 0.
num_chunks_returned_to_freelist: 0.
num_chunks_taken_from_freelist: 901.
num_chunk_merges: 0.
num_chunk_splits: 570.
num_chunks_enlarged: 349.
num_inconsistent_stats: 0.

CodeHeap 'non-profiled nmethods': size=120064Kb used=878Kb max_used=878Kb free=119185Kb
 bounds [0x0000019190390000, 0x0000019190600000, 0x00000191978d0000]
CodeHeap 'profiled nmethods': size=120000Kb used=3241Kb max_used=3241Kb free=116758Kb
 bounds [0x00000191888d0000, 0x0000019188c00000, 0x000001918fe00000]
CodeHeap 'non-nmethods': size=5696Kb used=1665Kb max_used=1665Kb free=4030Kb
 bounds [0x000001918fe00000, 0x0000019190070000, 0x0000019190390000]
CodeCache: size=245760Kb, used=5784Kb, max_used=5784Kb, free=239973Kb
 total_blobs=3199, nmethods=2473, adapters=631, full_count=0
Compilation: enabled, stopped_count=0, restarted_count=0

Compilation events (20 events):
Event: 1.862 Thread 0x00000191fdfe9600 2421       3       java.lang.invoke.MemberName::asSpecial (89 bytes)
Event: 1.863 Thread 0x00000191fdfe9600 nmethod 2421 0x0000019188be8788 code [0x0000019188be89c0, 0x0000019188be95c8]
Event: 1.864 Thread 0x00000191fdfe9600 2422       3       jdk.internal.org.objectweb.asm.FieldVisitor::<init> (78 bytes)
Event: 1.864 Thread 0x00000191fdfe9600 nmethod 2422 0x0000019188be9608 code [0x0000019188be97c0, 0x0000019188be9fa0]
Event: 1.866 Thread 0x00000191fdfe9600 2423       3       java.lang.String::startsWith (7 bytes)
Event: 1.867 Thread 0x00000191fdfe9600 nmethod 2423 0x0000019188bea008 code [0x0000019188bea120, 0x0000019188bea260]
Event: 1.867 Thread 0x00000191fdfe9600 2424       3       java.lang.invoke.LambdaFormEditor$TransformKey::packedBytes (37 bytes)
Event: 1.867 Thread 0x00000191fdfe9600 nmethod 2424 0x0000019188bea308 code [0x0000019188bea420, 0x0000019188bea530]
Event: 1.868 Thread 0x00000191fdfe9600 2425       3       com.sun.javafx.fxml.BeanAdapter$MethodCache::getMethod (99 bytes)
Event: 1.868 Thread 0x00000191fdfe9600 nmethod 2425 0x0000019188bea608 code [0x0000019188bea7e0, 0x0000019188beb228]
Event: 1.868 Thread 0x00000191fdfe9600 2426       3       java.lang.String::equals (56 bytes)
Event: 1.869 Thread 0x00000191fdfe9600 nmethod 2426 0x0000019188beb288 code [0x0000019188beb3c0, 0x0000019188beb7c0]
Event: 1.869 Thread 0x00000191fdfe9600 2427       1       com.sun.org.apache.xerces.internal.util.XMLAttributesImpl::getLength (5 bytes)
Event: 1.869 Thread 0x00000191fdfe9600 nmethod 2427 0x0000019190466888 code [0x00000191904669a0, 0x0000019190466a68]
Event: 1.871 Thread 0x00000191fdfe6720 nmethod 2420 0x0000019190466b88 code [0x0000019190466cc0, 0x00000191904671e0]
Event: 1.871 Thread 0x00000191fdfe6720 2414       4       com.sun.javafx.css.ParsedValueImpl::<init> (38 bytes)
Event: 1.874 Thread 0x00000191fdfe9600 2428       3       java.lang.String::startsWith (123 bytes)
Event: 1.874 Thread 0x00000191fdfe9600 nmethod 2428 0x0000019188beb808 code [0x0000019188beb9a0, 0x0000019188bec0d0]
Event: 1.874 Thread 0x00000191fdfe9600 2429       3       java.lang.Module::allows (60 bytes)
Event: 1.875 Thread 0x00000191fdfe9600 nmethod 2429 0x0000019188bec108 code [0x0000019188bec280, 0x0000019188bec870]

GC Heap History (4 events):
Event: 0.726 GC heap before
{Heap before GC invocations=0 (full 0):
 garbage-first heap   total reserved 2002944K, committed 126976K, used 23552K [0x0000000085c00000, 0x0000000100000000)
  region size 1024K, 24 young (24576K), 0 survivors (0K)
 Metaspace       used 5422K, committed 5632K, reserved 1114112K
  class space    used 634K, committed 768K, reserved 1048576K
}
Event: 0.736 GC heap after
{Heap after GC invocations=1 (full 0):
 garbage-first heap   total reserved 2002944K, committed 126976K, used 4800K [0x0000000085c00000, 0x0000000100000000)
  region size 1024K, 3 young (3072K), 3 survivors (3072K)
 Metaspace       used 5422K, committed 5632K, reserved 1114112K
  class space    used 634K, committed 768K, reserved 1048576K
}
Event: 1.216 GC heap before
{Heap before GC invocations=1 (full 0):
 garbage-first heap   total reserved 2002944K, committed 126976K, used 26304K [0x0000000085c00000, 0x0000000100000000)
  region size 1024K, 25 young (25600K), 3 survivors (3072K)
 Metaspace       used 12270K, committed 12608K, reserved 1114112K
  class space    used 1446K, committed 1600K, reserved 1048576K
}
Event: 1.225 GC heap after
{Heap after GC invocations=2 (full 0):
 garbage-first heap   total reserved 2002944K, committed 126976K, used 7449K [0x0000000085c00000, 0x0000000100000000)
  region size 1024K, 3 young (3072K), 3 survivors (3072K)
 Metaspace       used 12270K, committed 12608K, reserved 1114112K
  class space    used 1446K, committed 1600K, reserved 1048576K
}

Dll operation events (20 events):
Event: 0.686 Loaded shared library C:\Users\ngoc thao\.openjfx\cache\17.0.6\api-ms-win-crt-heap-l1-1-0.dll
Event: 0.693 Loaded shared library C:\Users\ngoc thao\.openjfx\cache\17.0.6\api-ms-win-crt-locale-l1-1-0.dll
Event: 0.699 Loaded shared library C:\Users\ngoc thao\.openjfx\cache\17.0.6\api-ms-win-crt-math-l1-1-0.dll
Event: 0.705 Loaded shared library C:\Users\ngoc thao\.openjfx\cache\17.0.6\api-ms-win-crt-multibyte-l1-1-0.dll
Event: 0.710 Loaded shared library C:\Users\ngoc thao\.openjfx\cache\17.0.6\api-ms-win-crt-private-l1-1-0.dll
Event: 0.714 Loaded shared library C:\Users\ngoc thao\.openjfx\cache\17.0.6\api-ms-win-crt-process-l1-1-0.dll
Event: 0.719 Loaded shared library C:\Users\ngoc thao\.openjfx\cache\17.0.6\api-ms-win-crt-runtime-l1-1-0.dll
Event: 0.724 Loaded shared library C:\Users\ngoc thao\.openjfx\cache\17.0.6\api-ms-win-crt-stdio-l1-1-0.dll
Event: 0.739 Loaded shared library C:\Users\ngoc thao\.openjfx\cache\17.0.6\api-ms-win-crt-string-l1-1-0.dll
Event: 0.744 Loaded shared library C:\Users\ngoc thao\.openjfx\cache\17.0.6\api-ms-win-crt-time-l1-1-0.dll
Event: 0.747 Loaded shared library C:\Users\ngoc thao\.openjfx\cache\17.0.6\api-ms-win-crt-utility-l1-1-0.dll
Event: 0.769 Loaded shared library C:\Users\ngoc thao\.openjfx\cache\17.0.6\ucrtbase.dll
Event: 0.776 Loaded shared library C:\Users\ngoc thao\.openjfx\cache\17.0.6\vcruntime140.dll
Event: 0.781 Loaded shared library C:\Users\ngoc thao\.openjfx\cache\17.0.6\vcruntime140_1.dll
Event: 0.794 Loaded shared library C:\Users\ngoc thao\.openjfx\cache\17.0.6\msvcp140.dll
Event: 0.799 Loaded shared library C:\Users\ngoc thao\.openjfx\cache\17.0.6\msvcp140_1.dll
Event: 0.807 Loaded shared library C:\Users\ngoc thao\.openjfx\cache\17.0.6\msvcp140_2.dll
Event: 0.861 Loaded shared library C:\Users\ngoc thao\.openjfx\cache\17.0.6\prism_d3d.dll
Event: 0.916 Loaded shared library C:\Users\ngoc thao\.openjfx\cache\17.0.6\glass.dll
Event: 1.795 Loaded shared library C:\Users\ngoc thao\.openjfx\cache\17.0.6\javafx_font.dll

Deoptimization events (20 events):
Event: 1.866 Thread 0x00000191ddea0b40 Uncommon trap: trap_request=0xffffff45 fr.pc=0x0000019190410b90 relative=0x00000000000001f0
Event: 1.866 Thread 0x00000191ddea0b40 Uncommon trap: reason=unstable_if action=reinterpret pc=0x0000019190410b90 method=java.lang.String.startsWith(Ljava/lang/String;I)Z @ 50 c2
Event: 1.866 Thread 0x00000191ddea0b40 DEOPT PACKING pc=0x0000019190410b90 sp=0x0000005251bfe090
Event: 1.866 Thread 0x00000191ddea0b40 DEOPT UNPACKING pc=0x000001918fe54402 sp=0x0000005251bfdfc0 mode 2
Event: 1.866 Thread 0x00000191ddea0b40 Uncommon trap: trap_request=0xffffff45 fr.pc=0x0000019190416050 relative=0x0000000000000230
Event: 1.866 Thread 0x00000191ddea0b40 Uncommon trap: reason=unstable_if action=reinterpret pc=0x0000019190416050 method=java.lang.String.startsWith(Ljava/lang/String;I)Z @ 50 c2
Event: 1.866 Thread 0x00000191ddea0b40 DEOPT PACKING pc=0x0000019190416050 sp=0x0000005251bfe020
Event: 1.866 Thread 0x00000191ddea0b40 DEOPT UNPACKING pc=0x000001918fe54402 sp=0x0000005251bfdfc0 mode 2
Event: 1.867 Thread 0x00000191ddea0b40 Uncommon trap: trap_request=0xffffff45 fr.pc=0x00000191903a5808 relative=0x0000000000000188
Event: 1.867 Thread 0x00000191ddea0b40 Uncommon trap: reason=unstable_if action=reinterpret pc=0x00000191903a5808 method=java.lang.String.equals(Ljava/lang/Object;)Z @ 33 c2
Event: 1.867 Thread 0x00000191ddea0b40 DEOPT PACKING pc=0x00000191903a5808 sp=0x0000005251bfd570
Event: 1.867 Thread 0x00000191ddea0b40 DEOPT UNPACKING pc=0x000001918fe54402 sp=0x0000005251bfd500 mode 2
Event: 1.868 Thread 0x00000191ddea0b40 Uncommon trap: trap_request=0xffffff45 fr.pc=0x000001919041bd14 relative=0x0000000000000374
Event: 1.868 Thread 0x00000191ddea0b40 Uncommon trap: reason=unstable_if action=reinterpret pc=0x000001919041bd14 method=java.lang.StringUTF16.compress([CII)[B @ 17 c2
Event: 1.868 Thread 0x00000191ddea0b40 DEOPT PACKING pc=0x000001919041bd14 sp=0x0000005251bfdec0
Event: 1.868 Thread 0x00000191ddea0b40 DEOPT UNPACKING pc=0x000001918fe54402 sp=0x0000005251bfddf0 mode 2
Event: 1.869 Thread 0x00000191ddea0b40 Uncommon trap: trap_request=0xffffff45 fr.pc=0x00000191903d9694 relative=0x0000000000000214
Event: 1.869 Thread 0x00000191ddea0b40 Uncommon trap: reason=unstable_if action=reinterpret pc=0x00000191903d9694 method=java.lang.StringUTF16.compress([CI[BII)I @ 20 c2
Event: 1.869 Thread 0x00000191ddea0b40 DEOPT PACKING pc=0x00000191903d9694 sp=0x0000005251bfdde0
Event: 1.869 Thread 0x00000191ddea0b40 DEOPT UNPACKING pc=0x000001918fe54402 sp=0x0000005251bfdd50 mode 2

Classes loaded (20 events):
Event: 1.766 Loading class java/security/AccessControlException
Event: 1.766 Loading class java/security/AccessControlException done
Event: 1.766 Loading class java/nio/charset/IllegalCharsetNameException
Event: 1.766 Loading class java/nio/charset/IllegalCharsetNameException done
Event: 1.785 Loading class java/text/CharacterIterator
Event: 1.786 Loading class java/text/CharacterIterator done
Event: 1.788 Loading class java/io/FilenameFilter
Event: 1.789 Loading class java/io/FilenameFilter done
Event: 1.821 Loading class java/util/AbstractList$RandomAccessSubList
Event: 1.821 Loading class java/util/AbstractList$SubList
Event: 1.822 Loading class java/util/AbstractList$SubList done
Event: 1.822 Loading class java/util/AbstractList$RandomAccessSubList done
Event: 1.822 Loading class java/util/AbstractList$SubList$1
Event: 1.822 Loading class java/util/AbstractList$SubList$1 done
Event: 1.822 Loading class java/util/AbstractList$ListItr
Event: 1.822 Loading class java/util/AbstractList$ListItr done
Event: 1.859 Loading class java/util/WeakHashMap$Values
Event: 1.859 Loading class java/util/WeakHashMap$Values done
Event: 1.859 Loading class java/util/WeakHashMap$ValueIterator
Event: 1.860 Loading class java/util/WeakHashMap$ValueIterator done

Classes unloaded (0 events):
No events

Classes redefined (0 events):
No events

Internal exceptions (20 events):
Event: 1.095 Thread 0x00000191ddea0b40 Exception <a 'java/lang/NoClassDefFoundError'{0x000000008c7e9c28}: oracle/security/pki/OraclePKIProvider> (0x000000008c7e9c28) 
thrown [s\src\hotspot\share\classfile\systemDictionary.cpp, line 302]
Event: 1.122 Thread 0x00000191ddea0b40 Exception <a 'sun/nio/fs/WindowsException'{0x000000008c6e1870}> (0x000000008c6e1870) 
thrown [s\src\hotspot\share\prims\jni.cpp, line 520]
Event: 1.158 Thread 0x00000191ddea0b40 Exception <a 'java/lang/NoSuchMethodError'{0x000000008c402400}: 'java.lang.Object java.lang.invoke.DirectMethodHandle$Holder.invokeVirtual(java.lang.Object, java.lang.Object, java.lang.Object)'> (0x000000008c402400) 
thrown [s\src\hotspot\share\interpreter\linkResolver.cpp, line 796]
Event: 1.351 Thread 0x00000191ddea0b40 Exception <a 'sun/nio/fs/WindowsException'{0x000000008d3757c8}> (0x000000008d3757c8) 
thrown [s\src\hotspot\share\prims\jni.cpp, line 520]
Event: 1.359 Thread 0x00000191ddea0b40 Exception <a 'sun/nio/fs/WindowsException'{0x000000008d386558}> (0x000000008d386558) 
thrown [s\src\hotspot\share\prims\jni.cpp, line 520]
Event: 1.426 Thread 0x00000191ddea0b40 Exception <a 'sun/nio/fs/WindowsException'{0x000000008d131998}> (0x000000008d131998) 
thrown [s\src\hotspot\share\prims\jni.cpp, line 520]
Event: 1.439 Thread 0x00000191ddc53ea0 Exception <a 'java/lang/NoSuchMethodError'{0x000000008d162c70}: 'long java.lang.invoke.DirectMethodHandle$Holder.invokeVirtual(java.lang.Object, java.lang.Object)'> (0x000000008d162c70) 
thrown [s\src\hotspot\share\interpreter\linkResolver.cpp, line 796]
Event: 1.440 Thread 0x00000191ddc53ea0 Exception <a 'java/lang/NoSuchMethodError'{0x000000008d174ab8}: 'long java.lang.invoke.DelegatingMethodHandle$Holder.reinvoke_L(java.lang.Object, java.lang.Object)'> (0x000000008d174ab8) 
thrown [s\src\hotspot\share\interpreter\linkResolver.cpp, line 796]
Event: 1.554 Thread 0x00000191ddea0b40 Exception <a 'java/lang/NoSuchMethodError'{0x000000008cdc2e78}: 'java.lang.Object java.lang.invoke.DirectMethodHandle$Holder.invokeStaticInit(java.lang.Object, java.lang.Object, java.lang.Object, java.lang.Object)'> (0x000000008cdc2e78) 
thrown [s\src\hotspot\share\interpreter\linkResolver.cpp, line 796]
Event: 1.555 Thread 0x00000191ddea0b40 Exception <a 'java/lang/NullPointerException'{0x000000008cdcb690}> (0x000000008cdcb690) 
thrown [s\src\hotspot\share\interpreter\linkResolver.cpp, line 1389]
Event: 1.570 Thread 0x00000191ddea0b40 Exception <a 'java/lang/ClassNotFoundException'{0x000000008cc6b4f8}: sun/util/logging/resources/spi/loggingProvider> (0x000000008cc6b4f8) 
thrown [s\src\hotspot\share\classfile\systemDictionary.cpp, line 313]
Event: 1.710 Thread 0x00000191ddea0b40 Exception <a 'java/lang/NoSuchMethodError'{0x000000008c9e2cf8}: 'void java.lang.invoke.DirectMethodHandle$Holder.invokeSpecial(java.lang.Object, java.lang.Object, double)'> (0x000000008c9e2cf8) 
thrown [s\src\hotspot\share\interpreter\linkResolver.cpp, line 796]
Event: 1.712 Thread 0x00000191ddea0b40 Exception <a 'java/lang/NoSuchMethodError'{0x000000008c9f1858}: 'double java.lang.invoke.DelegatingMethodHandle$Holder.reinvoke_L(java.lang.Object, java.lang.Object, int)'> (0x000000008c9f1858) 
thrown [s\src\hotspot\share\interpreter\linkResolver.cpp, line 796]
Event: 1.714 Thread 0x00000191ddea0b40 Exception <a 'java/lang/NoSuchMethodError'{0x000000008c803510}: 'java.lang.Object java.lang.invoke.DirectMethodHandle$Holder.invokeStatic(java.lang.Object, java.lang.Object, java.lang.Object, java.lang.Object, int)'> (0x000000008c803510) 
thrown [s\src\hotspot\share\interpreter\linkResolver.cpp, line 796]
Event: 1.716 Thread 0x00000191ddea0b40 Exception <a 'java/lang/NoSuchMethodError'{0x000000008c80e728}: 'void java.lang.invoke.DelegatingMethodHandle$Holder.reinvoke_L(java.lang.Object, java.lang.Object, double)'> (0x000000008c80e728) 
thrown [s\src\hotspot\share\interpreter\linkResolver.cpp, line 796]
Event: 1.718 Thread 0x00000191ddea0b40 Exception <a 'java/lang/NoSuchMethodError'{0x000000008c81d268}: 'void java.lang.invoke.DirectMethodHandle$Holder.invokeSpecial(java.lang.Object, java.lang.Object, int)'> (0x000000008c81d268) 
thrown [s\src\hotspot\share\interpreter\linkResolver.cpp, line 796]
Event: 1.719 Thread 0x00000191ddea0b40 Exception <a 'java/lang/NoSuchMethodError'{0x000000008c824098}: 'void java.lang.invoke.DelegatingMethodHandle$Holder.reinvoke_L(java.lang.Object, java.lang.Object, int)'> (0x000000008c824098) 
thrown [s\src\hotspot\share\interpreter\linkResolver.cpp, line 796]
Event: 1.763 Thread 0x00000191ddea0b40 Exception <a 'java/lang/ClassNotFoundException'{0x000000008c734c08}: com/sun/glass/ui/win/themes> (0x000000008c734c08) 
thrown [s\src\hotspot\share\prims\jni.cpp, line 539]
Event: 1.763 Thread 0x00000191ddea0b40 Exception <a 'java/lang/ClassNotFoundException'{0x000000008c73c970}: com/sun/glass/ui/win/themes_en> (0x000000008c73c970) 
thrown [s\src\hotspot\share\prims\jni.cpp, line 539]
Event: 1.763 Thread 0x00000191ddea0b40 Exception <a 'java/lang/ClassNotFoundException'{0x000000008c744798}: com/sun/glass/ui/win/themes_en_US> (0x000000008c744798) 
thrown [s\src\hotspot\share\prims\jni.cpp, line 539]

VM Operations (20 events):
Event: 0.726 Executing VM operation: G1CollectForAllocation (G1 Evacuation Pause)
Event: 0.736 Executing VM operation: G1CollectForAllocation (G1 Evacuation Pause) done
Event: 0.871 Executing VM operation: HandshakeAllThreads (Deoptimize)
Event: 0.871 Executing VM operation: HandshakeAllThreads (Deoptimize) done
Event: 0.907 Executing VM operation: HandshakeAllThreads (Deoptimize)
Event: 0.907 Executing VM operation: HandshakeAllThreads (Deoptimize) done
Event: 0.964 Executing VM operation: HandshakeAllThreads (Deoptimize)
Event: 0.964 Executing VM operation: HandshakeAllThreads (Deoptimize) done
Event: 1.049 Executing VM operation: HandshakeAllThreads (Deoptimize)
Event: 1.049 Executing VM operation: HandshakeAllThreads (Deoptimize) done
Event: 1.126 Executing VM operation: HandshakeAllThreads (Deoptimize)
Event: 1.126 Executing VM operation: HandshakeAllThreads (Deoptimize) done
Event: 1.126 Executing VM operation: HandshakeAllThreads (Deoptimize)
Event: 1.126 Executing VM operation: HandshakeAllThreads (Deoptimize) done
Event: 1.215 Executing VM operation: G1CollectForAllocation (G1 Evacuation Pause)
Event: 1.225 Executing VM operation: G1CollectForAllocation (G1 Evacuation Pause) done
Event: 1.359 Executing VM operation: HandshakeAllThreads (Deoptimize)
Event: 1.360 Executing VM operation: HandshakeAllThreads (Deoptimize) done
Event: 1.476 Executing VM operation: HandshakeAllThreads (Deoptimize)
Event: 1.476 Executing VM operation: HandshakeAllThreads (Deoptimize) done

Memory protections (0 events):
No events

Nmethod flushes (0 events):
No events

Events (20 events):
Event: 0.054 Thread 0x00000191f8a55950 Thread added: 0x00000191fdfdd600
Event: 0.054 Thread 0x00000191f8a55950 Thread added: 0x00000191fdfde060
Event: 0.054 Thread 0x00000191f8a55950 Thread added: 0x00000191fdfe6720
Event: 0.054 Thread 0x00000191f8a55950 Thread added: 0x00000191fdfe9600
Event: 0.089 Thread 0x00000191f8a55950 Thread added: 0x0000019197989190
Event: 0.158 Thread 0x00000191fdfe9600 Thread added: 0x0000019197a04fc0
Event: 0.175 Thread 0x00000191fdfe9600 Thread added: 0x0000019197b223b0
Event: 0.374 Thread 0x00000191f8a55950 Thread added: 0x0000019197c9b8a0
Event: 0.374 Thread 0x00000191f8a55950 Thread added: 0x00000191dd027840
Event: 0.850 Thread 0x00000191f8a55950 Thread added: 0x00000191ddda8790
Event: 0.909 Thread 0x00000191fdfdcba0 Thread added: 0x00000191ddc84990
Event: 0.919 Thread 0x00000191f8a55950 Thread added: 0x00000191ddc811e0
Event: 0.923 Thread 0x00000191f8a55950 Thread added: 0x00000191ddea0b40
Event: 0.927 Thread 0x00000191ddc84990 Thread added: 0x00000191ddc53ea0
Event: 0.950 Thread 0x00000191ddc53ea0 Thread added: 0x00000191de016a20
Event: 0.962 Thread 0x00000191ddc53ea0 Thread added: 0x00000191de107d40
Event: 1.001 Thread 0x00000191f8a55950 Thread added: 0x00000191ddc142a0
Event: 1.009 Thread 0x00000191ddc15650 Thread added: 0x00000191ddc15650
Event: 1.045 Thread 0x00000191ddea0b40 Thread added: 0x00000191ddc14930
Event: 1.050 Thread 0x0000019197b223b0 Thread exited: 0x0000019197b223b0


Dynamic libraries:
0x00007ff7554c0000 - 0x00007ff7554ce000 	C:\Users\ngoc thao\.jdks\corretto-23.0.2\bin\java.exe
0x00007ffc06790000 - 0x00007ffc06988000 	C:\Windows\SYSTEM32\ntdll.dll
0x00007ffc05d10000 - 0x00007ffc05dd2000 	C:\Windows\System32\KERNEL32.DLL
0x00007ffc04210000 - 0x00007ffc04506000 	C:\Windows\System32\KERNELBASE.dll
0x00007ffc03ea0000 - 0x00007ffc03fa0000 	C:\Windows\System32\ucrtbase.dll
0x00007ffbe8420000 - 0x00007ffbe843b000 	C:\Users\ngoc thao\.jdks\corretto-23.0.2\bin\VCRUNTIME140.dll
0x00007ffbf0410000 - 0x00007ffbf0427000 	C:\Users\ngoc thao\.jdks\corretto-23.0.2\bin\jli.dll
0x00007ffc06000000 - 0x00007ffc0619d000 	C:\Windows\System32\USER32.dll
0x00007ffc03fa0000 - 0x00007ffc03fc2000 	C:\Windows\System32\win32u.dll
0x00007ffbec500000 - 0x00007ffbec79a000 	C:\Windows\WinSxS\amd64_microsoft.windows.common-controls_6595b64144ccf1df_6.0.19041.4355_none_60b8b9eb71f62e16\COMCTL32.dll
0x00007ffc062c0000 - 0x00007ffc062eb000 	C:\Windows\System32\GDI32.dll
0x00007ffc04810000 - 0x00007ffc048ae000 	C:\Windows\System32\msvcrt.dll
0x00007ffc040f0000 - 0x00007ffc0420a000 	C:\Windows\System32\gdi32full.dll
0x00007ffc03fd0000 - 0x00007ffc0406d000 	C:\Windows\System32\msvcp_win.dll
0x00007ffc05de0000 - 0x00007ffc05e0f000 	C:\Windows\System32\IMM32.DLL
0x00007ffbff4e0000 - 0x00007ffbff4ec000 	C:\Users\ngoc thao\.jdks\corretto-23.0.2\bin\vcruntime140_1.dll
0x00007ffbdd530000 - 0x00007ffbdd5bd000 	C:\Users\ngoc thao\.jdks\corretto-23.0.2\bin\msvcp140.dll
0x00007ffb6d350000 - 0x00007ffb6e128000 	C:\Users\ngoc thao\.jdks\corretto-23.0.2\bin\server\jvm.dll
0x00007ffc05e10000 - 0x00007ffc05ebf000 	C:\Windows\System32\ADVAPI32.dll
0x00007ffc06380000 - 0x00007ffc0641f000 	C:\Windows\System32\sechost.dll
0x00007ffc055e0000 - 0x00007ffc05703000 	C:\Windows\System32\RPCRT4.dll
0x00007ffc03e20000 - 0x00007ffc03e47000 	C:\Windows\System32\bcrypt.dll
0x00007ffc05c20000 - 0x00007ffc05c8b000 	C:\Windows\System32\WS2_32.dll
0x00007ffc03280000 - 0x00007ffc032cb000 	C:\Windows\SYSTEM32\POWRPROF.dll
0x00007ffbff350000 - 0x00007ffbff35a000 	C:\Windows\SYSTEM32\VERSION.dll
0x00007ffbf2c10000 - 0x00007ffbf2c37000 	C:\Windows\SYSTEM32\WINMM.dll
0x00007ffc03220000 - 0x00007ffc03232000 	C:\Windows\SYSTEM32\UMPDC.dll
0x00007ffc02640000 - 0x00007ffc02652000 	C:\Windows\SYSTEM32\kernel.appcore.dll
0x00007ffbf06a0000 - 0x00007ffbf06aa000 	C:\Users\ngoc thao\.jdks\corretto-23.0.2\bin\jimage.dll
0x00007ffc01a30000 - 0x00007ffc01c14000 	C:\Windows\SYSTEM32\DBGHELP.DLL
0x00007ffbfadc0000 - 0x00007ffbfadf4000 	C:\Windows\SYSTEM32\dbgcore.DLL
0x00007ffc045c0000 - 0x00007ffc04642000 	C:\Windows\System32\bcryptPrimitives.dll
0x00007ffbf0400000 - 0x00007ffbf040e000 	C:\Users\ngoc thao\.jdks\corretto-23.0.2\bin\instrument.dll
0x00007ffbe8400000 - 0x00007ffbe841e000 	C:\Users\ngoc thao\.jdks\corretto-23.0.2\bin\java.dll
0x00007ffc05ec0000 - 0x00007ffc05feb000 	C:\Windows\System32\ole32.dll
0x00007ffc04920000 - 0x00007ffc04c75000 	C:\Windows\System32\combase.dll
0x00007ffc04d30000 - 0x00007ffc0549f000 	C:\Windows\System32\SHELL32.dll
0x00007ffc01e80000 - 0x00007ffc02623000 	C:\Windows\SYSTEM32\windows.storage.dll
0x00007ffc03850000 - 0x00007ffc0387b000 	C:\Windows\SYSTEM32\Wldp.dll
0x00007ffc064d0000 - 0x00007ffc0659d000 	C:\Windows\System32\OLEAUT32.dll
0x00007ffc04c80000 - 0x00007ffc04d2d000 	C:\Windows\System32\SHCORE.dll
0x00007ffc047b0000 - 0x00007ffc04805000 	C:\Windows\System32\shlwapi.dll
0x00007ffc03d50000 - 0x00007ffc03d75000 	C:\Windows\SYSTEM32\profapi.dll
0x00007ffbd9810000 - 0x00007ffbd98e7000 	C:\Users\ngoc thao\.jdks\corretto-23.0.2\bin\jsvml.dll
0x00007ffbe82f0000 - 0x00007ffbe8300000 	C:\Users\ngoc thao\.jdks\corretto-23.0.2\bin\net.dll
0x00007ffc035b0000 - 0x00007ffc0361c000 	C:\Windows\system32\mswsock.dll
0x00007ffbe8120000 - 0x00007ffbe8136000 	C:\Users\ngoc thao\.jdks\corretto-23.0.2\bin\nio.dll
0x00007ffbe4470000 - 0x00007ffbe4487000 	C:\Users\ngoc thao\.jdks\corretto-23.0.2\bin\zip.dll
0x00007ffc03320000 - 0x00007ffc033ea000 	C:\Windows\SYSTEM32\DNSAPI.dll
0x00007ffc03240000 - 0x00007ffc0327b000 	C:\Windows\SYSTEM32\IPHLPAPI.DLL
0x00007ffc05ff0000 - 0x00007ffc05ff8000 	C:\Windows\System32\NSI.dll
0x00007ffbfbee0000 - 0x00007ffbfbeea000 	C:\Windows\System32\rasadhlp.dll
0x00007ffbf00d0000 - 0x00007ffbf0150000 	C:\Windows\System32\fwpuclnt.dll
0x00007ffbe8110000 - 0x00007ffbe8119000 	C:\Users\ngoc thao\.jdks\corretto-23.0.2\bin\management.dll
0x0000019197ce0000 - 0x0000019197ce3000 	C:\Users\ngoc thao\.openjfx\cache\17.0.6\api-ms-win-core-console-l1-1-0.dll
0x0000019197cf0000 - 0x0000019197cf3000 	C:\Users\ngoc thao\.openjfx\cache\17.0.6\api-ms-win-core-console-l1-2-0.dll
0x0000019197d00000 - 0x0000019197d03000 	C:\Users\ngoc thao\.openjfx\cache\17.0.6\api-ms-win-core-datetime-l1-1-0.dll
0x0000019197d10000 - 0x0000019197d13000 	C:\Users\ngoc thao\.openjfx\cache\17.0.6\api-ms-win-core-debug-l1-1-0.dll
0x00007ffbe4cb0000 - 0x00007ffbe4cbb000 	C:\Users\ngoc thao\.jdks\corretto-23.0.2\bin\management_ext.dll
0x00007ffc04910000 - 0x00007ffc04918000 	C:\Windows\System32\PSAPI.DLL
0x0000019197d20000 - 0x0000019197d23000 	C:\Users\ngoc thao\.openjfx\cache\17.0.6\api-ms-win-core-errorhandling-l1-1-0.dll
0x0000019197d30000 - 0x0000019197d34000 	C:\Users\ngoc thao\.openjfx\cache\17.0.6\api-ms-win-core-file-l1-1-0.dll
0x0000019197d40000 - 0x0000019197d43000 	C:\Users\ngoc thao\.openjfx\cache\17.0.6\api-ms-win-core-file-l1-2-0.dll
0x0000019197d50000 - 0x0000019197d53000 	C:\Users\ngoc thao\.openjfx\cache\17.0.6\api-ms-win-core-file-l2-1-0.dll
0x0000019197d60000 - 0x0000019197d63000 	C:\Users\ngoc thao\.openjfx\cache\17.0.6\api-ms-win-core-handle-l1-1-0.dll
0x0000019197d70000 - 0x0000019197d73000 	C:\Users\ngoc thao\.openjfx\cache\17.0.6\api-ms-win-core-heap-l1-1-0.dll
0x0000019197d80000 - 0x0000019197d83000 	C:\Users\ngoc thao\.openjfx\cache\17.0.6\api-ms-win-core-interlocked-l1-1-0.dll
0x0000019197d90000 - 0x0000019197d93000 	C:\Users\ngoc thao\.openjfx\cache\17.0.6\api-ms-win-core-libraryloader-l1-1-0.dll
0x0000019197da0000 - 0x0000019197da3000 	C:\Users\ngoc thao\.openjfx\cache\17.0.6\api-ms-win-core-localization-l1-2-0.dll
0x0000019197db0000 - 0x0000019197db3000 	C:\Users\ngoc thao\.openjfx\cache\17.0.6\api-ms-win-core-memory-l1-1-0.dll
0x0000019197dc0000 - 0x0000019197dc3000 	C:\Users\ngoc thao\.openjfx\cache\17.0.6\api-ms-win-core-namedpipe-l1-1-0.dll
0x0000019197dd0000 - 0x0000019197dd3000 	C:\Users\ngoc thao\.openjfx\cache\17.0.6\api-ms-win-core-processenvironment-l1-1-0.dll
0x0000019197de0000 - 0x0000019197de3000 	C:\Users\ngoc thao\.openjfx\cache\17.0.6\api-ms-win-core-processthreads-l1-1-0.dll
0x0000019197df0000 - 0x0000019197df3000 	C:\Users\ngoc thao\.openjfx\cache\17.0.6\api-ms-win-core-processthreads-l1-1-1.dll
0x0000019197e00000 - 0x0000019197e03000 	C:\Users\ngoc thao\.openjfx\cache\17.0.6\api-ms-win-core-profile-l1-1-0.dll
0x0000019197e10000 - 0x0000019197e13000 	C:\Users\ngoc thao\.openjfx\cache\17.0.6\api-ms-win-core-rtlsupport-l1-1-0.dll
0x0000019197e20000 - 0x0000019197e23000 	C:\Users\ngoc thao\.openjfx\cache\17.0.6\api-ms-win-core-string-l1-1-0.dll
0x0000019197e30000 - 0x0000019197e33000 	C:\Users\ngoc thao\.openjfx\cache\17.0.6\api-ms-win-core-synch-l1-1-0.dll
0x0000019197e40000 - 0x0000019197e43000 	C:\Users\ngoc thao\.openjfx\cache\17.0.6\api-ms-win-core-synch-l1-2-0.dll
0x0000019197e50000 - 0x0000019197e53000 	C:\Users\ngoc thao\.openjfx\cache\17.0.6\api-ms-win-core-sysinfo-l1-1-0.dll
0x0000019197e60000 - 0x0000019197e63000 	C:\Users\ngoc thao\.openjfx\cache\17.0.6\api-ms-win-core-timezone-l1-1-0.dll
0x0000019197e70000 - 0x0000019197e73000 	C:\Users\ngoc thao\.openjfx\cache\17.0.6\api-ms-win-core-util-l1-1-0.dll
0x0000019197e80000 - 0x0000019197e83000 	C:\Users\ngoc thao\.openjfx\cache\17.0.6\api-ms-win-crt-conio-l1-1-0.dll
0x0000019197e90000 - 0x0000019197e94000 	C:\Users\ngoc thao\.openjfx\cache\17.0.6\api-ms-win-crt-convert-l1-1-0.dll
0x0000019197ea0000 - 0x0000019197ea3000 	C:\Users\ngoc thao\.openjfx\cache\17.0.6\api-ms-win-crt-environment-l1-1-0.dll
0x0000019197eb0000 - 0x0000019197eb3000 	C:\Users\ngoc thao\.openjfx\cache\17.0.6\api-ms-win-crt-filesystem-l1-1-0.dll
0x0000019197ec0000 - 0x0000019197ec3000 	C:\Users\ngoc thao\.openjfx\cache\17.0.6\api-ms-win-crt-heap-l1-1-0.dll
0x0000019197ed0000 - 0x0000019197ed3000 	C:\Users\ngoc thao\.openjfx\cache\17.0.6\api-ms-win-crt-locale-l1-1-0.dll
0x0000019197ee0000 - 0x0000019197ee5000 	C:\Users\ngoc thao\.openjfx\cache\17.0.6\api-ms-win-crt-math-l1-1-0.dll
0x0000019197ef0000 - 0x0000019197ef5000 	C:\Users\ngoc thao\.openjfx\cache\17.0.6\api-ms-win-crt-multibyte-l1-1-0.dll
0x0000019197f00000 - 0x0000019197f10000 	C:\Users\ngoc thao\.openjfx\cache\17.0.6\api-ms-win-crt-private-l1-1-0.dll
0x0000019197f10000 - 0x0000019197f13000 	C:\Users\ngoc thao\.openjfx\cache\17.0.6\api-ms-win-crt-process-l1-1-0.dll
0x0000019197f20000 - 0x0000019197f24000 	C:\Users\ngoc thao\.openjfx\cache\17.0.6\api-ms-win-crt-runtime-l1-1-0.dll
0x0000019197f30000 - 0x0000019197f34000 	C:\Users\ngoc thao\.openjfx\cache\17.0.6\api-ms-win-crt-stdio-l1-1-0.dll
0x0000019197f40000 - 0x0000019197f44000 	C:\Users\ngoc thao\.openjfx\cache\17.0.6\api-ms-win-crt-string-l1-1-0.dll
0x0000019197f50000 - 0x0000019197f53000 	C:\Users\ngoc thao\.openjfx\cache\17.0.6\api-ms-win-crt-time-l1-1-0.dll
0x0000019197f60000 - 0x0000019197f63000 	C:\Users\ngoc thao\.openjfx\cache\17.0.6\api-ms-win-crt-utility-l1-1-0.dll
0x00007ffbd9190000 - 0x00007ffbd928c000 	C:\Users\ngoc thao\.openjfx\cache\17.0.6\ucrtbase.dll
0x00007ffbe0d20000 - 0x00007ffbe0d3a000 	C:\Users\ngoc thao\.openjfx\cache\17.0.6\vcruntime140.dll
0x00007ffbe4610000 - 0x00007ffbe461c000 	C:\Users\ngoc thao\.openjfx\cache\17.0.6\vcruntime140_1.dll
0x00007ffbdd4a0000 - 0x00007ffbdd52d000 	C:\Users\ngoc thao\.openjfx\cache\17.0.6\msvcp140.dll
0x00007ffbe4460000 - 0x00007ffbe4469000 	C:\Users\ngoc thao\.openjfx\cache\17.0.6\msvcp140_1.dll
0x00007ffbddfc0000 - 0x00007ffbddfef000 	C:\Users\ngoc thao\.openjfx\cache\17.0.6\msvcp140_2.dll
0x00007ffbdd470000 - 0x00007ffbdd49a000 	C:\Users\ngoc thao\.openjfx\cache\17.0.6\prism_d3d.dll
0x00007ffb99c80000 - 0x00007ffb99e51000 	C:\Windows\system32\d3d9.dll
0x00007ffc01700000 - 0x00007ffc0172f000 	C:\Windows\SYSTEM32\dwmapi.dll
0x00007ffc01350000 - 0x00007ffc013ee000 	C:\Windows\system32\uxtheme.dll
0x00007ffb99ad0000 - 0x00007ffb99c7d000 	C:\Windows\System32\DriverStore\FileRepository\iigd_dch.inf_amd64_9437e46374342218\igdumdim64.dll
0x00007ffc037a0000 - 0x00007ffc037b8000 	C:\Windows\SYSTEM32\CRYPTSP.dll
0x00007ffb96a20000 - 0x00007ffb99ac3000 	C:\Windows\System32\DriverStore\FileRepository\iigd_dch.inf_amd64_9437e46374342218\igd9dxva64.dll
0x00007ffc05710000 - 0x00007ffc05b81000 	C:\Windows\System32\SETUPAPI.dll
0x00007ffc03e50000 - 0x00007ffc03e9e000 	C:\Windows\System32\cfgmgr32.dll
0x00007ffc02e60000 - 0x00007ffc02e98000 	C:\Windows\system32\rsaenh.dll
0x00007ffbf6fe0000 - 0x00007ffbf73e9000 	C:\Windows\System32\DriverStore\FileRepository\iigd_dch.inf_amd64_9437e46374342218\igdgmm64.dll
0x00007ffc03d10000 - 0x00007ffc03d3e000 	C:\Windows\SYSTEM32\USERENV.dll
0x00007ffc037c0000 - 0x00007ffc037cc000 	C:\Windows\SYSTEM32\CRYPTBASE.dll
0x00007ffbe45f0000 - 0x00007ffbe4607000 	C:\Windows\system32\napinsp.dll
0x00007ffbe45d0000 - 0x00007ffbe45eb000 	C:\Windows\system32\pnrpnsp.dll
0x00007ffc00520000 - 0x00007ffc00535000 	C:\Windows\system32\wshbth.dll
0x00007ffbff3b0000 - 0x00007ffbff3cd000 	C:\Windows\system32\NLAapi.dll
0x00007ffbe45b0000 - 0x00007ffbe45c2000 	C:\Windows\System32\winrnr.dll
0x00007ffbd9620000 - 0x00007ffbd9662000 	C:\Users\ngoc thao\.openjfx\cache\17.0.6\glass.dll
0x00007ffc054a0000 - 0x00007ffc0557a000 	C:\Windows\System32\COMDLG32.dll
0x00007ffc061a0000 - 0x00007ffc062b5000 	C:\Windows\System32\MSCTF.dll
0x00007ffba3130000 - 0x00007ffba3157000 	C:\Windows\System32\DriverStore\FileRepository\iigd_dch.inf_amd64_9437e46374342218\igdinfo64.dll
0x00007ffbf3840000 - 0x00007ffbf6fd6000 	C:\Windows\System32\DriverStore\FileRepository\iigd_dch.inf_amd64_9437e46374342218\igc64.dll
0x00007ffbf9200000 - 0x00007ffbf923b000 	C:\Windows\SYSTEM32\dxcore.dll
0x00007ffbebe50000 - 0x00007ffbebea1000 	C:\Windows\SYSTEM32\pdh.dll

dbghelp: loaded successfully - version: 4.0.5 - missing functions: none
symbol engine: initialized successfully - sym options: 0x614 - pdb path: .;C:\Users\ngoc thao\.jdks\corretto-23.0.2\bin;C:\Windows\SYSTEM32;C:\Windows\WinSxS\amd64_microsoft.windows.common-controls_6595b64144ccf1df_6.0.19041.4355_none_60b8b9eb71f62e16;C:\Users\ngoc thao\.jdks\corretto-23.0.2\bin\server;C:\Users\ngoc thao\.openjfx\cache\17.0.6;C:\Windows\System32\DriverStore\FileRepository\iigd_dch.inf_amd64_9437e46374342218;C:\Windows\System32\DriverStore\FileRepository\nvdmig.inf_amd64_abefae6941de55c7

VM Arguments:
jvm_args: -javaagent:C:\Program Files\JetBrains\IntelliJ IDEA 2024.3.5\lib\idea_rt.jar=64291 -Dfile.encoding=UTF-8 -Dsun.stdout.encoding=UTF-8 -Dsun.stderr.encoding=UTF-8 --module-path=C:\Users\ngoc thao\.m2\repository\org\openjfx\javafx-base\17.0.6\javafx-base-17.0.6-win.jar;C:\Users\ngoc thao\.m2\repository\org\mindrot\jbcrypt\0.4\jbcrypt-0.4.jar;C:\Users\ngoc thao\.m2\repository\org\kordamp\ikonli\ikonli-core\12.3.1\ikonli-core-12.3.1.jar;C:\Users\ngoc thao\.m2\repository\eu\hansolo\fx\countries\21.0.3\countries-21.0.3.jar;C:\Users\ngoc thao\.m2\repository\de\jensd\fontawesomefx-commons\9.1.2\fontawesomefx-commons-9.1.2.jar;C:\Users\ngoc thao\.m2\repository\org\kordamp\ikonli\ikonli-javafx\12.3.1\ikonli-javafx-12.3.1.jar;C:\Users\ngoc thao\.m2\repository\net\synedra\validatorfx\0.5.0\validatorfx-0.5.0.jar;C:\Users\ngoc thao\.m2\repository\org\openjfx\javafx-web\17.0.6\javafx-web-17.0.6-win.jar;C:\Users\ngoc thao\.m2\repository\org\openjfx\javafx-swing\17.0.6\javafx-swing-17.0.6-win.jar;C:\Users\ngoc thao\.m2\repository\io\github\cdimascio\dotenv-java\3.2.0\dotenv-java-3.2.0.jar;C:\Users\ngoc thao\.m2\repository\org\kordamp\bootstrapfx\bootstrapfx-core\0.4.0\bootstrapfx-core-0.4.0.jar;C:\Users\ngoc thao\.m2\repository\org\openjfx\javafx-graphics\17.0.6\javafx-graphics-17.0.6-win.jar;C:\Users\ngoc thao\.m2\repository\mysql\mysql-connector-java\8.0.11\mysql-connector-java-8.0.11.jar;C:\Users\ngoc thao\.m2\repository\junit\junit\4.13.2\junit-4.13.2.jar;C:\Users\ngoc thao\.m2\repository\de\jensd\fontawesomefx-fontawesome\4.7.0-9.1.2\fontawesomefx-fontawesome-4.7.0-9.1.2.jar;C:\Users\ngoc thao\.m2\repository\eu\hansolo\toolboxfx\21.0.3\toolboxfx-21.0.3.jar;C:\Users\ngoc thao\.m2\repository\eu\hansolo\toolbox\21.0.5\toolbox-21.0.5.jar;C:\Users\ngoc thao\.m2\repository\org\openjfx\javafx-media\17.0.6\javafx-media-17.0.6-win.jar;C:\Users\ngoc thao\.m2\repository\com\dlsc\formsfx\formsfx-core\11.6.0\formsfx-core-11.6.0.jar;C:\Users\ngoc thao\.m2\repository\org\openjfx\javafx-fxml\17.0.6\javafx-fxml-17.0.6-win.jar;C:\Users\ngoc thao\.m2\repository\com\github\javafaker\javafaker\1.0.2\javafaker-1.0.2.jar;E:\06_PBL3\PBL3-Petstore\target\class-Djdk.module.main=com.store.app.petstore 
java_command: com.store.app.petstore/com.store.app.petstore.PetStoreApplication
java_class_path (initial): C:\Users\ngoc thao\.m2\repository\org\openjfx\javafx-controls\17.0.6\javafx-controls-17.0.6.jar;C:\Users\ngoc thao\.m2\repository\org\openjfx\javafx-graphics\17.0.6\javafx-graphics-17.0.6.jar;C:\Users\ngoc thao\.m2\repository\org\openjfx\javafx-base\17.0.6\javafx-base-17.0.6.jar;C:\Users\ngoc thao\.m2\repository\org\openjfx\javafx-fxml\17.0.6\javafx-fxml-17.0.6.jar;C:\Users\ngoc thao\.m2\repository\org\openjfx\javafx-web\17.0.6\javafx-web-17.0.6.jar;C:\Users\ngoc thao\.m2\repository\org\openjfx\javafx-media\17.0.6\javafx-media-17.0.6.jar;C:\Users\ngoc thao\.m2\repository\org\openjfx\javafx-swing\17.0.6\javafx-swing-17.0.6.jar;C:\Users\ngoc thao\.m2\repository\com\oracle\database\jdbc\ojdbc11\21.1.0.0\ojdbc11-21.1.0.0.jar;C:\Users\ngoc thao\.m2\repository\com\google\protobuf\protobuf-java\2.6.0\protobuf-java-2.6.0.jar;C:\Users\ngoc thao\.m2\repository\org\apache\commons\commons-lang3\3.5\commons-lang3-3.5.jar;C:\Users\ngoc thao\.m2\repository\org\yaml\snakeyaml\1.23\snakeyaml-1.23-android.jar;C:\Users\ngoc thao\.m2\repository\com\github\mifmif\generex\1.0.2\generex-1.0.2.jar;C:\Users\ngoc thao\.m2\repository\dk\brics\automaton\automaton\1.11-8\automaton-1.11-8.jar;C:\Users\ngoc thao\.m2\repository\org\hamcrest\hamcrest-core\1.3\hamcrest-core-1.3.jar
Launcher Type: SUN_STANDARD

[Global flags]
     intx CICompilerCount                          = 4                                         {product} {ergonomic}
     uint ConcGCThreads                            = 2                                         {product} {ergonomic}
     uint G1ConcRefinementThreads                  = 8                                         {product} {ergonomic}
   size_t G1HeapRegionSize                         = 1048576                                   {product} {ergonomic}
   size_t InitialHeapSize                          = 130023424                                 {product} {ergonomic}
   size_t MarkStackSize                            = 4194304                                   {product} {ergonomic}
   size_t MarkStackSizeMax                         = 536870912                                 {product} {ergonomic}
   size_t MaxHeapSize                              = 2051014656                                {product} {ergonomic}
   size_t MaxNewSize                               = 1229979648                                {product} {ergonomic}
   size_t MinHeapDeltaBytes                        = 1048576                                   {product} {ergonomic}
   size_t MinHeapSize                              = 8388608                                   {product} {ergonomic}
    uintx NonNMethodCodeHeapSize                   = 5832704                                {pd product} {ergonomic}
    uintx NonProfiledCodeHeapSize                  = 122945536                              {pd product} {ergonomic}
    uintx ProfiledCodeHeapSize                     = 122880000                              {pd product} {ergonomic}
    uintx ReservedCodeCacheSize                    = 251658240                              {pd product} {ergonomic}
     bool SegmentedCodeCache                       = true                                      {product} {ergonomic}
   size_t SoftMaxHeapSize                          = 2051014656                             {manageable} {ergonomic}
     bool UseCompressedOops                        = true                           {product lp64_product} {ergonomic}
     bool UseG1GC                                  = true                                      {product} {ergonomic}
     bool UseLargePagesIndividualAllocation        = false                                  {pd product} {ergonomic}

Logging:
Log output configuration:
 #0: stdout all=warning uptime,level,tags foldmultilines=false
 #1: stderr all=off uptime,level,tags foldmultilines=false

Environment Variables:
JAVA_HOME=C:\JDK\
PATH=c:\Users\ngoc thao\AppData\Local\Programs\cursor\resources\app\bin;C:\JDK\bin;C:\Windows\system32;C:\Windows;C:\Windows\System32\Wbem;C:\Windows\System32\WindowsPowerShell\v1.0\;C:\Windows\System32\OpenSSH\;C:\msys64\ucrt64\bin;C:\Program Files\dotnet\;C:\JDK\bin\;C:\Program Files\Git\cmd;C:\Program Files\Cloudflare\Cloudflare WARP\;C:\apache-maven-3.9.9-bin\apache-maven-3.9.9\bin;C:\Program Files\Microsoft SQL Server\Client SDK\ODBC\170\Tools\Binn\;C:\Program Files (x86)\Microsoft SQL Server\160\Tools\Binn\;C:\Program Files\Microsoft SQL Server\160\Tools\Binn\;C:\Program Files\Microsoft SQL Server\160\DTS\Binn\;C:\Program Files (x86)\Microsoft SQL Server\160\DTS\Binn\;C:\Users\ngoc thao\AppData\Local\Microsoft\WindowsApps;C:\Users\ngoc thao\.dotnet\tools;C:\Program Files\JetBrains\IntelliJ IDEA 2024.3.5\bin;;C:\Users\ngoc thao\AppData\Local\Programs\cursor\resources\app\bin;c:\Users\ngoc thao\AppData\Local\Programs\cursor\resources\app\bin;C:\Users\ngoc thao\AppData\Local\Microsoft\WindowsApps;C:\Users\ngoc thao\AppData\Local\Programs\Microsoft VS Code\bin;C:\Users\ngoc thao\.dotnet\tools;C:\Program Files\JetBrains\IntelliJ IDEA 2024.3.5\bin;;C:\Users\ngoc thao\AppData\Local\Programs\cursor\resources\app\bin
USERNAME=ngoc thao
OS=Windows_NT
PROCESSOR_IDENTIFIER=Intel64 Family 6 Model 158 Stepping 9, GenuineIntel
TMP=C:\Users\NGOCTH~1\AppData\Local\Temp
TEMP=C:\Users\NGOCTH~1\AppData\Local\Temp




Periodic native trim disabled

---------------  S Y S T E M  ---------------

OS:
 Windows 10 , 64 bit Build 19041 (10.0.19041.5678)
OS uptime: 0 days 3:41 hours

CPU: total 8 (initial active 8) (4 cores per cpu, 2 threads per core) family 6 model 158 stepping 9 microcode 0xf4, cx8, cmov, fxsr, ht, mmx, 3dnowpref, sse, sse2, sse3, ssse3, sse4.1, sse4.2, popcnt, lzcnt, tsc, tscinvbit, avx, avx2, aes, erms, clmul, bmi1, bmi2, rtm, adx, fma, vzeroupper, clflush, clflushopt, rdtscp, f16c
Processor Information for the first 8 processors :
  Max Mhz: 2901, Current Mhz: 2901, Mhz Limit: 2901

Memory: 4k page, system-wide physical 7819M (507M free)
TotalPageFile size 15689M (AvailPageFile size 0M)
current process WorkingSet (physical memory assigned to process): 155M, peak: 155M
current process commit charge ("private bytes"): 279M, peak: 280M

vm_info: OpenJDK 64-Bit Server VM (23.0.2+7-FR) for windows-amd64 JRE (23.0.2+7-FR), built on 2025-01-07T22:59:58Z with MS VC++ 16.10 / 16.11 (VS2019)

END.
