#
# There is insufficient memory for the Java Runtime Environment to continue.
# Native memory allocation (malloc) failed to allocate 32744 bytes. Error detail: Chunk::new
# Possible reasons:
#   The system is out of physical RAM or swap space
#   This process is running with CompressedOops enabled, and the Java Heap may be blocking the growth of the native heap
# Possible solutions:
#   Reduce memory load on the system
#   Increase physical memory or swap space
#   Check if swap backing store is full
#   Decrease Java heap size (-Xmx/-Xms)
#   Decrease number of Java threads
#   Decrease Java thread stack sizes (-Xss)
#   Set larger code cache with -XX:ReservedCodeCacheSize=
#   JVM is running with Unscaled Compressed Oops mode in which the Java heap is
#     placed in the first 4GB address space. The Java Heap base address is the
#     maximum limit for the native heap growth. Please use -XX:HeapBaseMinAddress
#     to set the Java Heap base and to place the Java Heap above 4GB virtual address.
# This output file may be truncated or incomplete.
#
#  Out of Memory Error (arena.cpp:168), pid=7380, tid=8584
#
# JRE version: OpenJDK Runtime Environment Temurin-21.0.6+7 (21.0.6+7) (build 21.0.6+7-LTS)
# Java VM: OpenJDK 64-Bit Server VM Temurin-21.0.6+7 (21.0.6+7-LTS, mixed mode, sharing, tiered, compressed oops, compressed class ptrs, parallel gc, windows-amd64)
# No core dump will be written. Minidumps are not enabled by default on client versions of Windows
#

---------------  S U M M A R Y ------------

Command Line: --add-modules=ALL-SYSTEM --add-opens=java.base/java.util=ALL-UNNAMED --add-opens=java.base/java.lang=ALL-UNNAMED --add-opens=java.base/sun.nio.fs=ALL-UNNAMED -Declipse.application=org.eclipse.jdt.ls.core.id1 -Dosgi.bundles.defaultStartLevel=4 -Declipse.product=org.eclipse.jdt.ls.core.product -Djava.import.generatesMetadataFilesAtProjectRoot=false -DDetectVMInstallationsJob.disabled=true -Dfile.encoding=utf8 -XX:+UseParallelGC -XX:GCTimeRatio=4 -XX:AdaptiveSizePolicyWeight=90 -Dsun.zip.disableMemoryMapping=true -Xmx1G -Xms100m -Xlog:disable -javaagent:c:\Users\ngoc thao\.cursor\extensions\redhat.java-1.41.1-win32-x64\lombok\lombok-1.18.36.jar -XX:+HeapDumpOnOutOfMemoryError -XX:HeapDumpPath=c:\Users\ngoc thao\AppData\Roaming\Cursor\User\workspaceStorage\04926fb39bf3c91d7caef15ce82d8ea7\redhat.java -Daether.dependencyCollector.impl=bf c:\Users\ngoc thao\.cursor\extensions\redhat.java-1.41.1-win32-x64\server\plugins\org.eclipse.equinox.launcher_1.7.0.v20250331-1702.jar -configuration c:\Users\ngoc thao\AppData\Roaming\Cursor\User\globalStorage\redhat.java\1.41.1\config_win -data c:\Users\ngoc thao\AppData\Roaming\Cursor\User\workspaceStorage\04926fb39bf3c91d7caef15ce82d8ea7\redhat.java\jdt_ws --pipe=\\.\pipe\lsp-2dcf3af0ff92dc24558a902c38a8c46c-sock

Host: Intel(R) Core(TM) i7-7820HQ CPU @ 2.90GHz, 8 cores, 7G,  Windows 10 , 64 bit Build 19041 (10.0.19041.5678)
Time: Fri Apr 25 20:58:51 2025 SE Asia Standard Time elapsed time: 16.923258 seconds (0d 0h 0m 16s)

---------------  T H R E A D  ---------------

Current thread (0x0000029ddfac7a60):  JavaThread "C1 CompilerThread0" daemon [_thread_in_native, id=8584, stack(0x000000ae83700000,0x000000ae83800000) (1024K)]


Current CompileTask:
C1:16923 2335   !   3       org.eclipse.osgi.internal.framework.EquinoxBundle::adapt0 (939 bytes)

Stack: [0x000000ae83700000,0x000000ae83800000]
Native frames: (J=compiled Java code, j=interpreted, Vv=VM code, C=native code)
V  [jvm.dll+0x6cdee9]
V  [jvm.dll+0x8a83d1]
V  [jvm.dll+0x8aa8fe]
V  [jvm.dll+0x8aafe3]
V  [jvm.dll+0x27f706]
V  [jvm.dll+0xc500d]
V  [jvm.dll+0xc5543]
V  [jvm.dll+0x6b9cc0]
V  [jvm.dll+0x16906c]
V  [jvm.dll+0x16f2b7]
V  [jvm.dll+0x15169f]
V  [jvm.dll+0x170462]
V  [jvm.dll+0x1535f8]
V  [jvm.dll+0x153096]
V  [jvm.dll+0x153274]
V  [jvm.dll+0x1526a6]
V  [jvm.dll+0x15447d]
V  [jvm.dll+0x25685a]
V  [jvm.dll+0x254dfa]
V  [jvm.dll+0x3f0256]
V  [jvm.dll+0x851f8b]
V  [jvm.dll+0x6cc5ed]
C  [ucrtbase.dll+0x21bb2]
C  [KERNEL32.DLL+0x17374]
C  [ntdll.dll+0x4cc91]


---------------  P R O C E S S  ---------------

Threads class SMR info:
_java_thread_list=0x0000029de69c9830, length=17, elements={
0x0000029dcb700810, 0x0000029ddfaadea0, 0x0000029ddfaafb00, 0x0000029ddfab1a80,
0x0000029ddfab3020, 0x0000029ddfab7d50, 0x0000029ddfabdc70, 0x0000029ddfac1fa0,
0x0000029ddfac7a60, 0x0000029de155a760, 0x0000029de17c94e0, 0x0000029de65ce920,
0x0000029de65b3500, 0x0000029de6606860, 0x0000029de6607290, 0x0000029de6cf85c0,
0x0000029de610cf20
}

Java Threads: ( => current thread )
  0x0000029dcb700810 JavaThread "main"                              [_thread_blocked, id=9768, stack(0x000000ae82c00000,0x000000ae82d00000) (1024K)]
  0x0000029ddfaadea0 JavaThread "Reference Handler"          daemon [_thread_blocked, id=7384, stack(0x000000ae83000000,0x000000ae83100000) (1024K)]
  0x0000029ddfaafb00 JavaThread "Finalizer"                  daemon [_thread_blocked, id=8712, stack(0x000000ae83100000,0x000000ae83200000) (1024K)]
  0x0000029ddfab1a80 JavaThread "Signal Dispatcher"          daemon [_thread_blocked, id=14492, stack(0x000000ae83200000,0x000000ae83300000) (1024K)]
  0x0000029ddfab3020 JavaThread "Attach Listener"            daemon [_thread_blocked, id=7148, stack(0x000000ae83300000,0x000000ae83400000) (1024K)]
  0x0000029ddfab7d50 JavaThread "Service Thread"             daemon [_thread_blocked, id=11652, stack(0x000000ae83400000,0x000000ae83500000) (1024K)]
  0x0000029ddfabdc70 JavaThread "Monitor Deflation Thread"   daemon [_thread_blocked, id=12860, stack(0x000000ae83500000,0x000000ae83600000) (1024K)]
  0x0000029ddfac1fa0 JavaThread "C2 CompilerThread0"         daemon [_thread_in_native, id=16172, stack(0x000000ae83600000,0x000000ae83700000) (1024K)]
=>0x0000029ddfac7a60 JavaThread "C1 CompilerThread0"         daemon [_thread_in_native, id=8584, stack(0x000000ae83700000,0x000000ae83800000) (1024K)]
  0x0000029de155a760 JavaThread "Common-Cleaner"             daemon [_thread_blocked, id=1344, stack(0x000000ae83800000,0x000000ae83900000) (1024K)]
  0x0000029de17c94e0 JavaThread "Notification Thread"        daemon [_thread_blocked, id=5784, stack(0x000000ae83900000,0x000000ae83a00000) (1024K)]
  0x0000029de65ce920 JavaThread "Active Thread: Equinox Container: 22b0bb68-5c7a-4318-bbc1-2e67e93a710e"        [_thread_blocked, id=15860, stack(0x000000ae84000000,0x000000ae84100000) (1024K)]
  0x0000029de65b3500 JavaThread "Refresh Thread: Equinox Container: 22b0bb68-5c7a-4318-bbc1-2e67e93a710e" daemon [_thread_blocked, id=1336, stack(0x000000ae84100000,0x000000ae84200000) (1024K)]
  0x0000029de6606860 JavaThread "Framework Event Dispatcher: Equinox Container: 22b0bb68-5c7a-4318-bbc1-2e67e93a710e" daemon [_thread_blocked, id=12792, stack(0x000000ae84300000,0x000000ae84400000) (1024K)]
  0x0000029de6607290 JavaThread "Start Level: Equinox Container: 22b0bb68-5c7a-4318-bbc1-2e67e93a710e" daemon [_thread_in_vm, id=13508, stack(0x000000ae84400000,0x000000ae84500000) (1024K)]
  0x0000029de6cf85c0 JavaThread "Bundle File Closer"         daemon [_thread_blocked, id=12620, stack(0x000000ae84500000,0x000000ae84600000) (1024K)]
  0x0000029de610cf20 JavaThread "SCR Component Actor"        daemon [_thread_blocked, id=8884, stack(0x000000ae84600000,0x000000ae84700000) (1024K)]
Total: 17

Other Threads:
  0x0000029ddfaa1c50 VMThread "VM Thread"                           [id=2324, stack(0x000000ae82f00000,0x000000ae83000000) (1024K)]
  0x0000029dcb769f80 WatcherThread "VM Periodic Task Thread"        [id=10576, stack(0x000000ae82e00000,0x000000ae82f00000) (1024K)]
  0x0000029dcb71ee70 WorkerThread "GC Thread#0"                     [id=276, stack(0x000000ae82d00000,0x000000ae82e00000) (1024K)]
  0x0000029de61798b0 WorkerThread "GC Thread#1"                     [id=16208, stack(0x000000ae83a00000,0x000000ae83b00000) (1024K)]
  0x0000029de617a050 WorkerThread "GC Thread#2"                     [id=13316, stack(0x000000ae83b00000,0x000000ae83c00000) (1024K)]
  0x0000029de617a3f0 WorkerThread "GC Thread#3"                     [id=11692, stack(0x000000ae83c00000,0x000000ae83d00000) (1024K)]
  0x0000029de617a790 WorkerThread "GC Thread#4"                     [id=8352, stack(0x000000ae83d00000,0x000000ae83e00000) (1024K)]
  0x0000029de6557110 WorkerThread "GC Thread#5"                     [id=13396, stack(0x000000ae83e00000,0x000000ae83f00000) (1024K)]
  0x0000029de65574b0 WorkerThread "GC Thread#6"                     [id=9912, stack(0x000000ae83f00000,0x000000ae84000000) (1024K)]
  0x0000029de165bd20 WorkerThread "GC Thread#7"                     [id=7320, stack(0x000000ae84200000,0x000000ae84300000) (1024K)]
Total: 10

Threads with active compile tasks:
C2 CompilerThread0  16956 2341 %     4       java.util.Properties$LineReader::readLine @ 224 (584 bytes)
C1 CompilerThread0  16956 2335   !   3       org.eclipse.osgi.internal.framework.EquinoxBundle::adapt0 (939 bytes)
Total: 2

VM state: not at safepoint (normal execution)

VM Mutex/Monitor currently owned by a thread:  ([mutex/lock_event])
[0x00007ffb688bc300] Metaspace_lock - owner thread: 0x0000029de6607290

Heap address: 0x00000000c0000000, size: 1024 MB, Compressed Oops mode: 32-bit

CDS archive(s) mapped at: [0x0000029d80000000-0x0000029d80ba0000-0x0000029d80ba0000), size 12189696, SharedBaseAddress: 0x0000029d80000000, ArchiveRelocationMode: 1.
Compressed class space mapped at: 0x0000029d81000000-0x0000029dc1000000, reserved size: 1073741824
Narrow klass base: 0x0000029d80000000, Narrow klass shift: 0, Narrow klass range: 0x100000000

GC Precious Log:
 CardTable entry size: 512
 CPUs: 8 total, 8 available
 Memory: 7819M
 Large Page Support: Disabled
 NUMA Support: Disabled
 Compressed Oops: Enabled (32-bit)
 Alignments: Space 512K, Generation 512K, Heap 2M
 Heap Min Capacity: 100M
 Heap Initial Capacity: 100M
 Heap Max Capacity: 1G
 Pre-touch: Disabled
 Parallel Workers: 8

Heap:
 PSYoungGen      total 29696K, used 15411K [0x00000000eab00000, 0x00000000ecc00000, 0x0000000100000000)
  eden space 25600K, 44% used [0x00000000eab00000,0x00000000eb60fe40,0x00000000ec400000)
  from space 4096K, 99% used [0x00000000ec400000,0x00000000ec7fce08,0x00000000ec800000)
  to   space 4096K, 0% used [0x00000000ec800000,0x00000000ec800000,0x00000000ecc00000)
 ParOldGen       total 68608K, used 5388K [0x00000000c0000000, 0x00000000c4300000, 0x00000000eab00000)
  object space 68608K, 7% used [0x00000000c0000000,0x00000000c0543278,0x00000000c4300000)
 Metaspace       used 10557K, committed 10880K, reserved 1114112K
  class space    used 1061K, committed 1216K, reserved 1048576K

Card table byte_map: [0x0000029dcb0d0000,0x0000029dcb2e0000] _byte_map_base: 0x0000029dcaad0000

Marking Bits: (ParMarkBitMap*) 0x00007ffb688c3260
 Begin Bits: [0x0000029ddd900000, 0x0000029dde900000)
 End Bits:   [0x0000029dde900000, 0x0000029ddf900000)

Polling page: 0x0000029dc97a0000

Metaspace:

Usage:
  Non-class:      9.27 MB used.
      Class:      1.04 MB used.
       Both:     10.31 MB used.

Virtual space:
  Non-class space:       64.00 MB reserved,       9.44 MB ( 15%) committed,  1 nodes.
      Class space:        1.00 GB reserved,       1.19 MB ( <1%) committed,  1 nodes.
             Both:        1.06 GB reserved,      10.62 MB ( <1%) committed. 

Chunk freelists:
   Non-Class:  6.42 MB
       Class:  14.78 MB
        Both:  21.20 MB

MaxMetaspaceSize: unlimited
CompressedClassSpaceSize: 1.00 GB
Initial GC threshold: 21.00 MB
Current GC threshold: 21.00 MB
CDS: on
 - commit_granule_bytes: 65536.
 - commit_granule_words: 8192.
 - virtual_space_node_default_size: 8388608.
 - enlarge_chunks_in_place: 1.
 - use_allocation_guard: 0.


Internal statistics:

num_allocs_failed_limit: 0.
num_arena_births: 260.
num_arena_deaths: 0.
num_vsnodes_births: 2.
num_vsnodes_deaths: 0.
num_space_committed: 170.
num_space_uncommitted: 0.
num_chunks_returned_to_freelist: 0.
num_chunks_taken_from_freelist: 527.
num_chunk_merges: 0.
num_chunk_splits: 341.
num_chunks_enlarged: 225.
num_inconsistent_stats: 0.

CodeHeap 'non-profiled nmethods': size=120000Kb used=999Kb max_used=999Kb free=119000Kb
 bounds [0x0000029dd63d0000, 0x0000029dd6640000, 0x0000029ddd900000]
CodeHeap 'profiled nmethods': size=120000Kb used=4409Kb max_used=4409Kb free=115591Kb
 bounds [0x0000029dce900000, 0x0000029dced50000, 0x0000029dd5e30000]
CodeHeap 'non-nmethods': size=5760Kb used=1232Kb max_used=1265Kb free=4527Kb
 bounds [0x0000029dd5e30000, 0x0000029dd60a0000, 0x0000029dd63d0000]
 total_blobs=2835 nmethods=2338 adapters=403
 compilation: enabled
              stopped_count=0, restarted_count=0
 full_count=0

Compilation events (20 events):
Event: 16.903 Thread 0x0000029ddfac7a60 2330       3       aQute.bnd.stream.EntryPipeline::<init> (16 bytes)
Event: 16.903 Thread 0x0000029ddfac1fa0 nmethod 2328 0x0000029dd64c9610 code [0x0000029dd64c97a0, 0x0000029dd64c99e0]
Event: 16.903 Thread 0x0000029ddfac7a60 nmethod 2330 0x0000029dced3be10 code [0x0000029dced3bfe0, 0x0000029dced3c3d0]
Event: 16.903 Thread 0x0000029ddfac7a60 2333   !   3       org.eclipse.osgi.internal.framework.BundleContextImpl::setContextFinder (84 bytes)
Event: 16.903 Thread 0x0000029ddfac7a60 nmethod 2333 0x0000029dced3c510 code [0x0000029dced3c740, 0x0000029dced3cee0]
Event: 16.903 Thread 0x0000029ddfac7a60 2336   !   3       org.eclipse.osgi.container.ModuleRevisions::getCurrentRevision (56 bytes)
Event: 16.904 Thread 0x0000029ddfac7a60 nmethod 2336 0x0000029dced3d290 code [0x0000029dced3d480, 0x0000029dced3da50]
Event: 16.904 Thread 0x0000029ddfac7a60 2331       1       java.util.Spliterators$EmptySpliterator::estimateSize (2 bytes)
Event: 16.904 Thread 0x0000029ddfac7a60 nmethod 2331 0x0000029dd64c9b10 code [0x0000029dd64c9ca0, 0x0000029dd64c9d70]
Event: 16.904 Thread 0x0000029ddfac7a60 2332   !   3       org.eclipse.osgi.container.Module::lockStateChange (404 bytes)
Event: 16.906 Thread 0x0000029ddfac7a60 nmethod 2332 0x0000029dced3dc10 code [0x0000029dced3e300, 0x0000029dced41948]
Event: 16.906 Thread 0x0000029ddfac7a60 2334   !   3       org.eclipse.osgi.internal.framework.BundleContextImpl::dispatchEvent (577 bytes)
Event: 16.909 Thread 0x0000029ddfac7a60 nmethod 2334 0x0000029dced43e90 code [0x0000029dced44900, 0x0000029dced4a3e8]
Event: 16.909 Thread 0x0000029ddfac7a60 2337       3       java.lang.invoke.MethodHandles$Lookup::<init> (84 bytes)
Event: 16.909 Thread 0x0000029ddfac7a60 nmethod 2337 0x0000029dced4d810 code [0x0000029dced4d9c0, 0x0000029dced4db80]
Event: 16.909 Thread 0x0000029ddfac7a60 2338       3       java.lang.invoke.MethodHandleNatives::refKindIsMethod (19 bytes)
Event: 16.910 Thread 0x0000029ddfac7a60 nmethod 2338 0x0000029dced4dc10 code [0x0000029dced4ddc0, 0x0000029dced4dfe8]
Event: 16.910 Thread 0x0000029ddfac7a60 2339       3       java.lang.invoke.MethodHandleNatives::findMethodHandleType (7 bytes)
Event: 16.910 Thread 0x0000029ddfac7a60 nmethod 2339 0x0000029dced4e090 code [0x0000029dced4e240, 0x0000029dced4e360]
Event: 16.910 Thread 0x0000029ddfac7a60 2335   !   3       org.eclipse.osgi.internal.framework.EquinoxBundle::adapt0 (939 bytes)

GC Heap History (6 events):
Event: 1.386 GC heap before
{Heap before GC invocations=1 (full 0):
 PSYoungGen      total 29696K, used 25600K [0x00000000eab00000, 0x00000000ecc00000, 0x0000000100000000)
  eden space 25600K, 100% used [0x00000000eab00000,0x00000000ec400000,0x00000000ec400000)
  from space 4096K, 0% used [0x00000000ec800000,0x00000000ec800000,0x00000000ecc00000)
  to   space 4096K, 0% used [0x00000000ec400000,0x00000000ec400000,0x00000000ec800000)
 ParOldGen       total 68608K, used 0K [0x00000000c0000000, 0x00000000c4300000, 0x00000000eab00000)
  object space 68608K, 0% used [0x00000000c0000000,0x00000000c0000000,0x00000000c4300000)
 Metaspace       used 4327K, committed 4544K, reserved 1114112K
  class space    used 434K, committed 512K, reserved 1048576K
}
Event: 1.402 GC heap after
{Heap after GC invocations=1 (full 0):
 PSYoungGen      total 29696K, used 3237K [0x00000000eab00000, 0x00000000ecc00000, 0x0000000100000000)
  eden space 25600K, 0% used [0x00000000eab00000,0x00000000eab00000,0x00000000ec400000)
  from space 4096K, 79% used [0x00000000ec400000,0x00000000ec7297f0,0x00000000ec800000)
  to   space 4096K, 0% used [0x00000000ec800000,0x00000000ec800000,0x00000000ecc00000)
 ParOldGen       total 68608K, used 0K [0x00000000c0000000, 0x00000000c4300000, 0x00000000eab00000)
  object space 68608K, 0% used [0x00000000c0000000,0x00000000c0000000,0x00000000c4300000)
 Metaspace       used 4327K, committed 4544K, reserved 1114112K
  class space    used 434K, committed 512K, reserved 1048576K
}
Event: 6.330 GC heap before
{Heap before GC invocations=2 (full 0):
 PSYoungGen      total 29696K, used 28837K [0x00000000eab00000, 0x00000000ecc00000, 0x0000000100000000)
  eden space 25600K, 100% used [0x00000000eab00000,0x00000000ec400000,0x00000000ec400000)
  from space 4096K, 79% used [0x00000000ec400000,0x00000000ec7297f0,0x00000000ec800000)
  to   space 4096K, 0% used [0x00000000ec800000,0x00000000ec800000,0x00000000ecc00000)
 ParOldGen       total 68608K, used 0K [0x00000000c0000000, 0x00000000c4300000, 0x00000000eab00000)
  object space 68608K, 0% used [0x00000000c0000000,0x00000000c0000000,0x00000000c4300000)
 Metaspace       used 7870K, committed 8128K, reserved 1114112K
  class space    used 765K, committed 896K, reserved 1048576K
}
Event: 6.336 GC heap after
{Heap after GC invocations=2 (full 0):
 PSYoungGen      total 29696K, used 4085K [0x00000000eab00000, 0x00000000ecc00000, 0x0000000100000000)
  eden space 25600K, 0% used [0x00000000eab00000,0x00000000eab00000,0x00000000ec400000)
  from space 4096K, 99% used [0x00000000ec800000,0x00000000ecbfd7e0,0x00000000ecc00000)
  to   space 4096K, 0% used [0x00000000ec400000,0x00000000ec400000,0x00000000ec800000)
 ParOldGen       total 68608K, used 1644K [0x00000000c0000000, 0x00000000c4300000, 0x00000000eab00000)
  object space 68608K, 2% used [0x00000000c0000000,0x00000000c019b0a8,0x00000000c4300000)
 Metaspace       used 7870K, committed 8128K, reserved 1114112K
  class space    used 765K, committed 896K, reserved 1048576K
}
Event: 13.849 GC heap before
{Heap before GC invocations=3 (full 0):
 PSYoungGen      total 29696K, used 29431K [0x00000000eab00000, 0x00000000ecc00000, 0x0000000100000000)
  eden space 25600K, 99% used [0x00000000eab00000,0x00000000ec3c04a0,0x00000000ec400000)
  from space 4096K, 99% used [0x00000000ec800000,0x00000000ecbfd7e0,0x00000000ecc00000)
  to   space 4096K, 0% used [0x00000000ec400000,0x00000000ec400000,0x00000000ec800000)
 ParOldGen       total 68608K, used 1644K [0x00000000c0000000, 0x00000000c4300000, 0x00000000eab00000)
  object space 68608K, 2% used [0x00000000c0000000,0x00000000c019b0a8,0x00000000c4300000)
 Metaspace       used 9173K, committed 9536K, reserved 1114112K
  class space    used 916K, committed 1088K, reserved 1048576K
}
Event: 13.856 GC heap after
{Heap after GC invocations=3 (full 0):
 PSYoungGen      total 29696K, used 4083K [0x00000000eab00000, 0x00000000ecc00000, 0x0000000100000000)
  eden space 25600K, 0% used [0x00000000eab00000,0x00000000eab00000,0x00000000ec400000)
  from space 4096K, 99% used [0x00000000ec400000,0x00000000ec7fce08,0x00000000ec800000)
  to   space 4096K, 0% used [0x00000000ec800000,0x00000000ec800000,0x00000000ecc00000)
 ParOldGen       total 68608K, used 5388K [0x00000000c0000000, 0x00000000c4300000, 0x00000000eab00000)
  object space 68608K, 7% used [0x00000000c0000000,0x00000000c0543278,0x00000000c4300000)
 Metaspace       used 9173K, committed 9536K, reserved 1114112K
  class space    used 916K, committed 1088K, reserved 1048576K
}

Dll operation events (9 events):
Event: 0.009 Loaded shared library c:\Users\ngoc thao\.cursor\extensions\redhat.java-1.41.1-win32-x64\jre\21.0.6-win32-x86_64\bin\java.dll
Event: 0.095 Loaded shared library c:\Users\ngoc thao\.cursor\extensions\redhat.java-1.41.1-win32-x64\jre\21.0.6-win32-x86_64\bin\zip.dll
Event: 0.136 Loaded shared library C:\Users\ngoc thao\.cursor\extensions\redhat.java-1.41.1-win32-x64\jre\21.0.6-win32-x86_64\bin\instrument.dll
Event: 0.152 Loaded shared library C:\Users\ngoc thao\.cursor\extensions\redhat.java-1.41.1-win32-x64\jre\21.0.6-win32-x86_64\bin\net.dll
Event: 0.154 Loaded shared library C:\Users\ngoc thao\.cursor\extensions\redhat.java-1.41.1-win32-x64\jre\21.0.6-win32-x86_64\bin\nio.dll
Event: 0.160 Loaded shared library C:\Users\ngoc thao\.cursor\extensions\redhat.java-1.41.1-win32-x64\jre\21.0.6-win32-x86_64\bin\zip.dll
Event: 0.200 Loaded shared library C:\Users\ngoc thao\.cursor\extensions\redhat.java-1.41.1-win32-x64\jre\21.0.6-win32-x86_64\bin\jimage.dll
Event: 0.402 Loaded shared library c:\Users\ngoc thao\.cursor\extensions\redhat.java-1.41.1-win32-x64\jre\21.0.6-win32-x86_64\bin\verify.dll
Event: 6.326 Loaded shared library C:\Users\ngoc thao\AppData\Roaming\Cursor\User\globalStorage\redhat.java\1.41.1\config_win\org.eclipse.equinox.launcher\org.eclipse.equinox.launcher.win32.win32.x86_64_1.2.1300.v20250331-1702\eclipse_11911.dll

Deoptimization events (20 events):
Event: 11.330 Thread 0x0000029de6607290 DEOPT PACKING pc=0x0000029dcecc4bda sp=0x000000ae844fd600
Event: 11.330 Thread 0x0000029de6607290 DEOPT UNPACKING pc=0x0000029dd5e84242 sp=0x000000ae844fca90 mode 0
Event: 11.332 Thread 0x0000029de6607290 DEOPT PACKING pc=0x0000029dcecd7649 sp=0x000000ae844fd370
Event: 11.332 Thread 0x0000029de6607290 DEOPT UNPACKING pc=0x0000029dd5e84242 sp=0x000000ae844fc7e0 mode 0
Event: 11.598 Thread 0x0000029de6607290 DEOPT PACKING pc=0x0000029dcecd7649 sp=0x000000ae844fd370
Event: 11.598 Thread 0x0000029de6607290 DEOPT UNPACKING pc=0x0000029dd5e84242 sp=0x000000ae844fc7e0 mode 0
Event: 13.839 Thread 0x0000029de6607290 Uncommon trap: trap_request=0xffffff45 fr.pc=0x0000029dd6440768 relative=0x00000000000001a8
Event: 13.839 Thread 0x0000029de6607290 Uncommon trap: reason=unstable_if action=reinterpret pc=0x0000029dd6440768 method=java.lang.String.startsWith(Ljava/lang/String;I)Z @ 50 c2
Event: 13.839 Thread 0x0000029de6607290 DEOPT PACKING pc=0x0000029dd6440768 sp=0x000000ae844fe440
Event: 13.839 Thread 0x0000029de6607290 DEOPT UNPACKING pc=0x0000029dd5e83aa2 sp=0x000000ae844fe370 mode 2
Event: 13.857 Thread 0x0000029ddfaadea0 Uncommon trap: trap_request=0xffffff45 fr.pc=0x0000029dd645a740 relative=0x0000000000000180
Event: 13.857 Thread 0x0000029ddfaadea0 Uncommon trap: reason=unstable_if action=reinterpret pc=0x0000029dd645a740 method=java.util.concurrent.locks.ReentrantLock$Sync.lock()V @ 4 c2
Event: 13.857 Thread 0x0000029ddfaadea0 DEOPT PACKING pc=0x0000029dd645a740 sp=0x000000ae830ff510
Event: 13.857 Thread 0x0000029ddfaadea0 DEOPT UNPACKING pc=0x0000029dd5e83aa2 sp=0x000000ae830ff450 mode 2
Event: 16.668 Thread 0x0000029de6607290 DEOPT PACKING pc=0x0000029dcecd7649 sp=0x000000ae844fd7c0
Event: 16.668 Thread 0x0000029de6607290 DEOPT UNPACKING pc=0x0000029dd5e84242 sp=0x000000ae844fcc48 mode 0
Event: 16.876 Thread 0x0000029de6607290 Uncommon trap: trap_request=0xffffff45 fr.pc=0x0000029dd64bd3f8 relative=0x00000000000006d8
Event: 16.876 Thread 0x0000029de6607290 Uncommon trap: reason=unstable_if action=reinterpret pc=0x0000029dd64bd3f8 method=org.eclipse.osgi.framework.util.CaseInsensitiveDictionaryMap.findCommonKeyIndex(Ljava/lang/String;)Lorg/eclipse/osgi/framework/util/CaseInsensitiveDictionaryMap$CaseInsensit
Event: 16.876 Thread 0x0000029de6607290 DEOPT PACKING pc=0x0000029dd64bd3f8 sp=0x000000ae844fe4c0
Event: 16.876 Thread 0x0000029de6607290 DEOPT UNPACKING pc=0x0000029dd5e83aa2 sp=0x000000ae844fe450 mode 2

Classes loaded (20 events):
Event: 16.898 Loading class java/net/UnknownServiceException
Event: 16.898 Loading class java/net/UnknownServiceException done
Event: 16.904 Loading class org/xml/sax/helpers/DefaultHandler
Event: 16.904 Loading class org/xml/sax/EntityResolver
Event: 16.905 Loading class org/xml/sax/EntityResolver done
Event: 16.905 Loading class org/xml/sax/DTDHandler
Event: 16.905 Loading class org/xml/sax/DTDHandler done
Event: 16.905 Loading class org/xml/sax/ContentHandler
Event: 16.905 Loading class org/xml/sax/ContentHandler done
Event: 16.905 Loading class org/xml/sax/ErrorHandler
Event: 16.905 Loading class org/xml/sax/ErrorHandler done
Event: 16.905 Loading class org/xml/sax/helpers/DefaultHandler done
Event: 16.906 Loading class org/xml/sax/SAXException
Event: 16.907 Loading class org/xml/sax/SAXException done
Event: 16.907 Loading class javax/xml/parsers/SAXParserFactory
Event: 16.907 Loading class javax/xml/parsers/SAXParserFactory done
Event: 16.907 Loading class javax/xml/parsers/FactoryFinder
Event: 16.907 Loading class javax/xml/parsers/FactoryFinder done
Event: 16.907 Loading class jdk/xml/internal/SecuritySupport
Event: 16.907 Loading class jdk/xml/internal/SecuritySupport done

Classes unloaded (0 events):
No events

Classes redefined (0 events):
No events

Internal exceptions (20 events):
Event: 1.414 Thread 0x0000029dcb700810 Implicit null exception at 0x0000029dd64205c0 to 0x0000029dd6420645
Event: 1.476 Thread 0x0000029dcb700810 Exception <a 'java/lang/NoSuchMethodError'{0x00000000ead65b80}: 'long java.lang.invoke.DirectMethodHandle$Holder.invokeStatic(java.lang.Object, java.lang.Object, int)'> (0x00000000ead65b80) 
thrown [s\src\hotspot\share\interpreter\linkResolver.cpp, line 773]
Event: 1.477 Thread 0x0000029dcb700810 Exception <a 'java/lang/NoSuchMethodError'{0x00000000ead6d688}: 'java.lang.Object java.lang.invoke.DirectMethodHandle$Holder.invokeSpecial(java.lang.Object, java.lang.Object, java.lang.Object, java.lang.Object, long)'> (0x00000000ead6d688) 
thrown [s\src\hotspot\share\interpreter\linkResolver.cpp, line 773]
Event: 1.479 Thread 0x0000029dcb700810 Exception <a 'java/lang/NoSuchMethodError'{0x00000000ead7b708}: 'java.lang.Object java.lang.invoke.DirectMethodHandle$Holder.invokeSpecial(java.lang.Object, java.lang.Object, java.lang.Object, int, java.lang.Object)'> (0x00000000ead7b708) 
thrown [s\src\hotspot\share\interpreter\linkResolver.cpp, line 773]
Event: 1.482 Thread 0x0000029dcb700810 Exception <a 'java/lang/NoSuchMethodError'{0x00000000ead92a78}: 'java.lang.Object java.lang.invoke.Invokers$Holder.invokeExact_MT(java.lang.Object, java.lang.Object, java.lang.Object, java.lang.Object, java.lang.Object, java.lang.Object)'> (0x00000000ead92a78) 
thrown [s\src\hotspot\share\interpreter\linkResolver.cpp, line 773]
Event: 1.503 Thread 0x0000029dcb700810 Exception <a 'java/lang/NoSuchMethodError'{0x00000000eadac368}: 'int java.lang.invoke.DirectMethodHandle$Holder.invokeStaticInit(java.lang.Object, java.lang.Object, java.lang.Object, java.lang.Object)'> (0x00000000eadac368) 
thrown [s\src\hotspot\share\interpreter\linkResolver.cpp, line 773]
Event: 1.507 Thread 0x0000029dcb700810 Exception <a 'java/lang/NoSuchMethodError'{0x00000000eadb4b20}: 'java.lang.Object java.lang.invoke.DirectMethodHandle$Holder.invokeInterface(java.lang.Object, java.lang.Object)'> (0x00000000eadb4b20) 
thrown [s\src\hotspot\share\interpreter\linkResolver.cpp, line 773]
Event: 1.507 Thread 0x0000029dcb700810 Exception <a 'java/lang/IncompatibleClassChangeError'{0x00000000eadb8058}: Found class java.lang.Object, but interface was expected> (0x00000000eadb8058) 
thrown [s\src\hotspot\share\interpreter\linkResolver.cpp, line 840]
Event: 1.508 Thread 0x0000029dcb700810 Exception <a 'java/lang/NoSuchMethodError'{0x00000000eadbc210}: 'void java.lang.invoke.DirectMethodHandle$Holder.invokeStatic(java.lang.Object, java.lang.Object)'> (0x00000000eadbc210) 
thrown [s\src\hotspot\share\interpreter\linkResolver.cpp, line 773]
Event: 1.508 Thread 0x0000029dcb700810 Exception <a 'java/lang/NoSuchMethodError'{0x00000000eadbf5b8}: 'void java.lang.invoke.DirectMethodHandle$Holder.invokeStaticInit(java.lang.Object, java.lang.Object)'> (0x00000000eadbf5b8) 
thrown [s\src\hotspot\share\interpreter\linkResolver.cpp, line 773]
Event: 1.509 Thread 0x0000029dcb700810 Exception <a 'java/lang/NoSuchMethodError'{0x00000000eadc65f8}: 'int java.lang.invoke.DirectMethodHandle$Holder.invokeStaticInit(java.lang.Object, java.lang.Object)'> (0x00000000eadc65f8) 
thrown [s\src\hotspot\share\interpreter\linkResolver.cpp, line 773]
Event: 1.616 Thread 0x0000029dcb700810 Exception <a 'java/lang/NoSuchMethodError'{0x00000000eaf288e8}: 'void java.lang.invoke.DirectMethodHandle$Holder.invokeSpecial(java.lang.Object, java.lang.Object, java.lang.Object)'> (0x00000000eaf288e8) 
thrown [s\src\hotspot\share\interpreter\linkResolver.cpp, line 773]
Event: 1.930 Thread 0x0000029dcb700810 Exception <a 'java/lang/NoSuchMethodError'{0x00000000eb9377c8}: 'int java.lang.invoke.DirectMethodHandle$Holder.invokeVirtual(java.lang.Object, java.lang.Object)'> (0x00000000eb9377c8) 
thrown [s\src\hotspot\share\interpreter\linkResolver.cpp, line 773]
Event: 2.029 Thread 0x0000029dcb700810 Exception <a 'java/lang/NoSuchMethodError'{0x00000000ebc9f670}: 'java.lang.Object java.lang.invoke.DirectMethodHandle$Holder.newInvokeSpecial(java.lang.Object, int, java.lang.Object)'> (0x00000000ebc9f670) 
thrown [s\src\hotspot\share\interpreter\linkResolver.cpp, line 773]
Event: 2.059 Thread 0x0000029dcb700810 Exception <a 'java/lang/NoSuchMethodError'{0x00000000ebe4dc38}: 'java.lang.Object java.lang.invoke.DirectMethodHandle$Holder.newInvokeSpecial(java.lang.Object, java.lang.Object, java.lang.Object, java.lang.Object, int, java.lang.Object)'> (0x00000000ebe4dc38) 
thrown [s\src\hotspot\share\interpreter\linkResolver.cpp, line 773]
Event: 6.320 Thread 0x0000029dcb700810 Exception <a 'java/lang/UnsatisfiedLinkError'{0x00000000ec3264d8}: 'void org.eclipse.equinox.launcher.JNIBridge._update_splash()'> (0x00000000ec3264d8) 
thrown [s\src\hotspot\share\prims\nativeLookup.cpp, line 415]
Event: 6.438 Thread 0x0000029de6607290 Exception <a 'java/lang/NoSuchMethodError'{0x00000000eb0f1e58}: 'java.lang.Object java.lang.invoke.DirectMethodHandle$Holder.newInvokeSpecial(java.lang.Object, java.lang.Object, int, java.lang.Object)'> (0x00000000eb0f1e58) 
thrown [s\src\hotspot\share\interpreter\linkResolver.cpp, line 773]
Event: 6.487 Thread 0x0000029de6607290 Exception <a 'java/lang/ClassNotFoundException'{0x00000000eb2cd708}: sun/util/logging/resources/spi/loggingProvider> (0x00000000eb2cd708) 
thrown [s\src\hotspot\share\classfile\systemDictionary.cpp, line 312]
Event: 16.899 Thread 0x0000029de6607290 Exception <a 'java/lang/NullPointerException'{0x00000000eb2e9a48}> (0x00000000eb2e9a48) 
thrown [s\src\hotspot\share\interpreter\linkResolver.cpp, line 1372]
Event: 16.899 Thread 0x0000029de6607290 Exception <a 'java/lang/NullPointerException'{0x00000000eb2e9d28}> (0x00000000eb2e9d28) 
thrown [s\src\hotspot\share\interpreter\linkResolver.cpp, line 1372]

ZGC Phase Switch (0 events):
No events

VM Operations (20 events):
Event: 6.497 Executing VM operation: HandshakeAllThreads (Deoptimize)
Event: 6.497 Executing VM operation: HandshakeAllThreads (Deoptimize) done
Event: 6.507 Executing VM operation: HandshakeAllThreads (Deoptimize)
Event: 6.507 Executing VM operation: HandshakeAllThreads (Deoptimize) done
Event: 6.517 Executing VM operation: HandshakeAllThreads (Deoptimize)
Event: 6.517 Executing VM operation: HandshakeAllThreads (Deoptimize) done
Event: 7.522 Executing VM operation: Cleanup
Event: 7.522 Executing VM operation: Cleanup done
Event: 9.542 Executing VM operation: Cleanup
Event: 9.542 Executing VM operation: Cleanup done
Event: 13.849 Executing VM operation: ParallelGCFailedAllocation (Allocation Failure)
Event: 13.856 Executing VM operation: ParallelGCFailedAllocation (Allocation Failure) done
Event: 14.858 Executing VM operation: Cleanup
Event: 14.858 Executing VM operation: Cleanup done
Event: 15.872 Executing VM operation: Cleanup
Event: 15.872 Executing VM operation: Cleanup done
Event: 16.882 Executing VM operation: Cleanup
Event: 16.882 Executing VM operation: Cleanup done
Event: 16.897 Executing VM operation: HandshakeAllThreads (Deoptimize)
Event: 16.897 Executing VM operation: HandshakeAllThreads (Deoptimize) done

Memory protections (0 events):
No events

Nmethod flushes (0 events):
No events

Events (17 events):
Event: 0.027 Thread 0x0000029dcb700810 Thread added: 0x0000029dcb700810
Event: 0.043 Thread 0x0000029dcb700810 Thread added: 0x0000029ddfaadea0
Event: 0.043 Thread 0x0000029dcb700810 Thread added: 0x0000029ddfaafb00
Event: 0.044 Thread 0x0000029dcb700810 Thread added: 0x0000029ddfab1a80
Event: 0.044 Thread 0x0000029dcb700810 Thread added: 0x0000029ddfab3020
Event: 0.044 Thread 0x0000029dcb700810 Thread added: 0x0000029ddfab7d50
Event: 0.044 Thread 0x0000029dcb700810 Thread added: 0x0000029ddfabdc70
Event: 0.044 Thread 0x0000029dcb700810 Thread added: 0x0000029ddfac1fa0
Event: 0.044 Thread 0x0000029dcb700810 Thread added: 0x0000029ddfac7a60
Event: 0.077 Thread 0x0000029dcb700810 Thread added: 0x0000029de155a760
Event: 0.675 Thread 0x0000029dcb700810 Thread added: 0x0000029de17c94e0
Event: 1.992 Thread 0x0000029dcb700810 Thread added: 0x0000029de65ce920
Event: 6.318 Thread 0x0000029dcb700810 Thread added: 0x0000029de65b3500
Event: 6.364 Thread 0x0000029de65b3500 Thread added: 0x0000029de6606860
Event: 6.367 Thread 0x0000029dcb700810 Thread added: 0x0000029de6607290
Event: 9.355 Thread 0x0000029de6607290 Thread added: 0x0000029de6cf85c0
Event: 16.877 Thread 0x0000029de6607290 Thread added: 0x0000029de610cf20


Dynamic libraries:
0x00007ff75d3d0000 - 0x00007ff75d3de000 	c:\Users\ngoc thao\.cursor\extensions\redhat.java-1.41.1-win32-x64\jre\21.0.6-win32-x86_64\bin\java.exe
0x00007ffc06790000 - 0x00007ffc06988000 	C:\Windows\SYSTEM32\ntdll.dll
0x00007ffc05d10000 - 0x00007ffc05dd2000 	C:\Windows\System32\KERNEL32.DLL
0x00007ffc04210000 - 0x00007ffc04506000 	C:\Windows\System32\KERNELBASE.dll
0x00007ffc03ea0000 - 0x00007ffc03fa0000 	C:\Windows\System32\ucrtbase.dll
0x00007ffbe0de0000 - 0x00007ffbe0dfe000 	c:\Users\ngoc thao\.cursor\extensions\redhat.java-1.41.1-win32-x64\jre\21.0.6-win32-x86_64\bin\VCRUNTIME140.dll
0x00007ffbe0d20000 - 0x00007ffbe0d38000 	c:\Users\ngoc thao\.cursor\extensions\redhat.java-1.41.1-win32-x64\jre\21.0.6-win32-x86_64\bin\jli.dll
0x00007ffc06000000 - 0x00007ffc0619d000 	C:\Windows\System32\USER32.dll
0x00007ffbec500000 - 0x00007ffbec79a000 	C:\Windows\WinSxS\amd64_microsoft.windows.common-controls_6595b64144ccf1df_6.0.19041.4355_none_60b8b9eb71f62e16\COMCTL32.dll
0x00007ffc03fa0000 - 0x00007ffc03fc2000 	C:\Windows\System32\win32u.dll
0x00007ffc062c0000 - 0x00007ffc062eb000 	C:\Windows\System32\GDI32.dll
0x00007ffc04810000 - 0x00007ffc048ae000 	C:\Windows\System32\msvcrt.dll
0x00007ffc040f0000 - 0x00007ffc0420a000 	C:\Windows\System32\gdi32full.dll
0x00007ffc03fd0000 - 0x00007ffc0406d000 	C:\Windows\System32\msvcp_win.dll
0x00007ffc05de0000 - 0x00007ffc05e0f000 	C:\Windows\System32\IMM32.DLL
0x00007ffbfaaa0000 - 0x00007ffbfaaac000 	c:\Users\ngoc thao\.cursor\extensions\redhat.java-1.41.1-win32-x64\jre\21.0.6-win32-x86_64\bin\vcruntime140_1.dll
0x00007ffbd9200000 - 0x00007ffbd928d000 	c:\Users\ngoc thao\.cursor\extensions\redhat.java-1.41.1-win32-x64\jre\21.0.6-win32-x86_64\bin\msvcp140.dll
0x00007ffb67c10000 - 0x00007ffb689a0000 	c:\Users\ngoc thao\.cursor\extensions\redhat.java-1.41.1-win32-x64\jre\21.0.6-win32-x86_64\bin\server\jvm.dll
0x00007ffc05e10000 - 0x00007ffc05ebf000 	C:\Windows\System32\ADVAPI32.dll
0x00007ffc06380000 - 0x00007ffc0641f000 	C:\Windows\System32\sechost.dll
0x00007ffc055e0000 - 0x00007ffc05703000 	C:\Windows\System32\RPCRT4.dll
0x00007ffc03e20000 - 0x00007ffc03e47000 	C:\Windows\System32\bcrypt.dll
0x00007ffc05c20000 - 0x00007ffc05c8b000 	C:\Windows\System32\WS2_32.dll
0x00007ffc03280000 - 0x00007ffc032cb000 	C:\Windows\SYSTEM32\POWRPROF.dll
0x00007ffbf2c10000 - 0x00007ffbf2c37000 	C:\Windows\SYSTEM32\WINMM.dll
0x00007ffbff350000 - 0x00007ffbff35a000 	C:\Windows\SYSTEM32\VERSION.dll
0x00007ffc03220000 - 0x00007ffc03232000 	C:\Windows\SYSTEM32\UMPDC.dll
0x00007ffc02640000 - 0x00007ffc02652000 	C:\Windows\SYSTEM32\kernel.appcore.dll
0x00007ffbe4cb0000 - 0x00007ffbe4cba000 	c:\Users\ngoc thao\.cursor\extensions\redhat.java-1.41.1-win32-x64\jre\21.0.6-win32-x86_64\bin\jimage.dll
0x00007ffc01a30000 - 0x00007ffc01c14000 	C:\Windows\SYSTEM32\DBGHELP.DLL
0x00007ffbfadc0000 - 0x00007ffbfadf4000 	C:\Windows\SYSTEM32\dbgcore.DLL
0x00007ffc045c0000 - 0x00007ffc04642000 	C:\Windows\System32\bcryptPrimitives.dll
0x00007ffbe49a0000 - 0x00007ffbe49af000 	c:\Users\ngoc thao\.cursor\extensions\redhat.java-1.41.1-win32-x64\jre\21.0.6-win32-x86_64\bin\instrument.dll
0x00007ffbde600000 - 0x00007ffbde61f000 	c:\Users\ngoc thao\.cursor\extensions\redhat.java-1.41.1-win32-x64\jre\21.0.6-win32-x86_64\bin\java.dll
0x00007ffc04d30000 - 0x00007ffc0549f000 	C:\Windows\System32\SHELL32.dll
0x00007ffc01e80000 - 0x00007ffc02623000 	C:\Windows\SYSTEM32\windows.storage.dll
0x00007ffc04920000 - 0x00007ffc04c75000 	C:\Windows\System32\combase.dll
0x00007ffc03850000 - 0x00007ffc0387b000 	C:\Windows\SYSTEM32\Wldp.dll
0x00007ffc064d0000 - 0x00007ffc0659d000 	C:\Windows\System32\OLEAUT32.dll
0x00007ffc04c80000 - 0x00007ffc04d2d000 	C:\Windows\System32\SHCORE.dll
0x00007ffc047b0000 - 0x00007ffc04805000 	C:\Windows\System32\shlwapi.dll
0x00007ffc03d50000 - 0x00007ffc03d75000 	C:\Windows\SYSTEM32\profapi.dll
0x00007ffbde5e0000 - 0x00007ffbde5f8000 	c:\Users\ngoc thao\.cursor\extensions\redhat.java-1.41.1-win32-x64\jre\21.0.6-win32-x86_64\bin\zip.dll
0x00007ffbe4610000 - 0x00007ffbe4620000 	C:\Users\ngoc thao\.cursor\extensions\redhat.java-1.41.1-win32-x64\jre\21.0.6-win32-x86_64\bin\net.dll
0x00007ffbfb850000 - 0x00007ffbfb95a000 	C:\Windows\SYSTEM32\WINHTTP.dll
0x00007ffc035b0000 - 0x00007ffc0361c000 	C:\Windows\system32\mswsock.dll
0x00007ffbde400000 - 0x00007ffbde416000 	C:\Users\ngoc thao\.cursor\extensions\redhat.java-1.41.1-win32-x64\jre\21.0.6-win32-x86_64\bin\nio.dll
0x00007ffbe3d00000 - 0x00007ffbe3d10000 	c:\Users\ngoc thao\.cursor\extensions\redhat.java-1.41.1-win32-x64\jre\21.0.6-win32-x86_64\bin\verify.dll
0x00007ffbdad90000 - 0x00007ffbdadd5000 	C:\Users\ngoc thao\AppData\Roaming\Cursor\User\globalStorage\redhat.java\1.41.1\config_win\org.eclipse.equinox.launcher\org.eclipse.equinox.launcher.win32.win32.x86_64_1.2.1300.v20250331-1702\eclipse_11911.dll
0x00007ffc05ec0000 - 0x00007ffc05feb000 	C:\Windows\System32\ole32.dll

dbghelp: loaded successfully - version: 4.0.5 - missing functions: none
symbol engine: initialized successfully - sym options: 0x614 - pdb path: .;c:\Users\ngoc thao\.cursor\extensions\redhat.java-1.41.1-win32-x64\jre\21.0.6-win32-x86_64\bin;C:\Windows\SYSTEM32;C:\Windows\WinSxS\amd64_microsoft.windows.common-controls_6595b64144ccf1df_6.0.19041.4355_none_60b8b9eb71f62e16;c:\Users\ngoc thao\.cursor\extensions\redhat.java-1.41.1-win32-x64\jre\21.0.6-win32-x86_64\bin\server;C:\Users\ngoc thao\AppData\Roaming\Cursor\User\globalStorage\redhat.java\1.41.1\config_win\org.eclipse.equinox.launcher\org.eclipse.equinox.launcher.win32.win32.x86_64_1.2.1300.v20250331-1702

VM Arguments:
jvm_args: --add-modules=ALL-SYSTEM --add-opens=java.base/java.util=ALL-UNNAMED --add-opens=java.base/java.lang=ALL-UNNAMED --add-opens=java.base/sun.nio.fs=ALL-UNNAMED -Declipse.application=org.eclipse.jdt.ls.core.id1 -Dosgi.bundles.defaultStartLevel=4 -Declipse.product=org.eclipse.jdt.ls.core.product -Djava.import.generatesMetadataFilesAtProjectRoot=false -DDetectVMInstallationsJob.disabled=true -Dfile.encoding=utf8 -XX:+UseParallelGC -XX:GCTimeRatio=4 -XX:AdaptiveSizePolicyWeight=90 -Dsun.zip.disableMemoryMapping=true -Xmx1G -Xms100m -Xlog:disable -javaagent:c:\Users\ngoc thao\.cursor\extensions\redhat.java-1.41.1-win32-x64\lombok\lombok-1.18.36.jar -XX:+HeapDumpOnOutOfMemoryError -XX:HeapDumpPath=c:\Users\ngoc thao\AppData\Roaming\Cursor\User\workspaceStorage\04926fb39bf3c91d7caef15ce82d8ea7\redhat.java -Daether.dependencyCollector.impl=bf 
java_command: c:\Users\ngoc thao\.cursor\extensions\redhat.java-1.41.1-win32-x64\server\plugins\org.eclipse.equinox.launcher_1.7.0.v20250331-1702.jar -configuration c:\Users\ngoc thao\AppData\Roaming\Cursor\User\globalStorage\redhat.java\1.41.1\config_win -data c:\Users\ngoc thao\AppData\Roaming\Cursor\User\workspaceStorage\04926fb39bf3c91d7caef15ce82d8ea7\redhat.java\jdt_ws --pipe=\\.\pipe\lsp-2dcf3af0ff92dc24558a902c38a8c46c-sock
java_class_path (initial): c:\Users\ngoc thao\.cursor\extensions\redhat.java-1.41.1-win32-x64\server\plugins\org.eclipse.equinox.launcher_1.7.0.v20250331-1702.jar
Launcher Type: SUN_STANDARD

[Global flags]
    uintx AdaptiveSizePolicyWeight                 = 90                                        {product} {command line}
     intx CICompilerCount                          = 4                                         {product} {ergonomic}
    uintx GCTimeRatio                              = 4                                         {product} {command line}
     bool HeapDumpOnOutOfMemoryError               = true                                   {manageable} {command line}
    ccstr HeapDumpPath                             = c:\Users\ngoc thao\AppData\Roaming\Cursor\User\workspaceStorage\04926fb39bf3c91d7caef15ce82d8ea7\redhat.java         {manageable} {command line}
   size_t InitialHeapSize                          = 104857600                                 {product} {command line}
   size_t MaxHeapSize                              = 1073741824                                {product} {command line}
   size_t MaxNewSize                               = 357564416                                 {product} {ergonomic}
   size_t MinHeapDeltaBytes                        = 524288                                    {product} {ergonomic}
   size_t MinHeapSize                              = 104857600                                 {product} {command line}
   size_t NewSize                                  = 34603008                                  {product} {ergonomic}
    uintx NonNMethodCodeHeapSize                   = 5839372                                {pd product} {ergonomic}
    uintx NonProfiledCodeHeapSize                  = 122909434                              {pd product} {ergonomic}
   size_t OldSize                                  = 70254592                                  {product} {ergonomic}
    uintx ProfiledCodeHeapSize                     = 122909434                              {pd product} {ergonomic}
    uintx ReservedCodeCacheSize                    = 251658240                              {pd product} {ergonomic}
     bool SegmentedCodeCache                       = true                                      {product} {ergonomic}
   size_t SoftMaxHeapSize                          = 1073741824                             {manageable} {ergonomic}
     bool UseCompressedOops                        = true                           {product lp64_product} {ergonomic}
     bool UseLargePagesIndividualAllocation        = false                                  {pd product} {ergonomic}
     bool UseParallelGC                            = true                                      {product} {command line}

Logging:
Log output configuration:
 #0: stdout all=off uptime,level,tags foldmultilines=false
 #1: stderr all=off uptime,level,tags foldmultilines=false

Environment Variables:
JAVA_HOME=C:\JDK\
PATH=c:\Users\ngoc thao\AppData\Local\Programs\cursor\resources\app\bin;C:\JDK\bin;C:\Windows\system32;C:\Windows;C:\Windows\System32\Wbem;C:\Windows\System32\WindowsPowerShell\v1.0\;C:\Windows\System32\OpenSSH\;C:\msys64\ucrt64\bin;C:\Program Files\dotnet\;C:\JDK\bin\;C:\Program Files\Git\cmd;C:\Program Files\Cloudflare\Cloudflare WARP\;C:\apache-maven-3.9.9-bin\apache-maven-3.9.9\bin;C:\Program Files\Microsoft SQL Server\Client SDK\ODBC\170\Tools\Binn\;C:\Program Files (x86)\Microsoft SQL Server\160\Tools\Binn\;C:\Program Files\Microsoft SQL Server\160\Tools\Binn\;C:\Program Files\Microsoft SQL Server\160\DTS\Binn\;C:\Program Files (x86)\Microsoft SQL Server\160\DTS\Binn\;C:\Users\ngoc thao\AppData\Local\Microsoft\WindowsApps;C:\Users\ngoc thao\.dotnet\tools;C:\Program Files\JetBrains\IntelliJ IDEA 2024.3.5\bin;;C:\Users\ngoc thao\AppData\Local\Programs\cursor\resources\app\bin;c:\Users\ngoc thao\AppData\Local\Programs\cursor\resources\app\bin;C:\Users\ngoc thao\AppData\Local\Microsoft\WindowsApps;C:\Users\ngoc thao\AppData\Local\Programs\Microsoft VS Code\bin;C:\Users\ngoc thao\.dotnet\tools;C:\Program Files\JetBrains\IntelliJ IDEA 2024.3.5\bin;;C:\Users\ngoc thao\AppData\Local\Programs\cursor\resources\app\bin
USERNAME=ngoc thao
OS=Windows_NT
PROCESSOR_IDENTIFIER=Intel64 Family 6 Model 158 Stepping 9, GenuineIntel
TMP=C:\Users\NGOCTH~1\AppData\Local\Temp
TEMP=C:\Users\NGOCTH~1\AppData\Local\Temp




Periodic native trim disabled

---------------  S Y S T E M  ---------------

OS:
 Windows 10 , 64 bit Build 19041 (10.0.19041.5678)
OS uptime: 0 days 2:26 hours

CPU: total 8 (initial active 8) (4 cores per cpu, 2 threads per core) family 6 model 158 stepping 9 microcode 0xf4, cx8, cmov, fxsr, ht, mmx, 3dnowpref, sse, sse2, sse3, ssse3, sse4.1, sse4.2, popcnt, lzcnt, tsc, tscinvbit, avx, avx2, aes, erms, clmul, bmi1, bmi2, rtm, adx, fma, vzeroupper, clflush, clflushopt, rdtscp, f16c
Processor Information for the first 8 processors :
  Max Mhz: 2901, Current Mhz: 2901, Mhz Limit: 2901

Memory: 4k page, system-wide physical 7819M (270M free)
TotalPageFile size 15689M (AvailPageFile size 4M)
current process WorkingSet (physical memory assigned to process): 106M, peak: 106M
current process commit charge ("private bytes"): 214M, peak: 215M

vm_info: OpenJDK 64-Bit Server VM (21.0.6+7-LTS) for windows-amd64 JRE (21.0.6+7-LTS), built on 2025-01-21T00:00:00Z by "admin" with MS VC++ 17.7 (VS2022)

END.
